#
# A fatal error has been detected by the Java Runtime Environment:
#
#  SIGSEGV (0xb) at pc=0x0000000041c7ff3f, pid=14520, tid=0x00007f831c190700
#
# JRE version: Java(TM) SE Runtime Environment (8.0_92-b14) (build 1.8.0_92-b14)
# Java VM: Java HotSpot(TM) 64-Bit Server VM (25.92-b14 mixed mode linux-amd64 compressed oops)
# Problematic frame:
# C  0x0000000041c7ff3f
#
# Failed to write core dump. Core dumps have been disabled. To enable core dumping, try "ulimit -c unlimited" before starting Java again
#
# If you would like to submit a bug report, please visit:
#   http://bugreport.java.com/bugreport/crash.jsp
# The crash happened outside the Java Virtual Machine in native code.
# See problematic frame for where to report the bug.
#

---------------  T H R E A D  ---------------

Current thread (0x00007f82d0005800):  JavaThread "B2L_Actor_System-single-thread-dispatcher-5" [_thread_in_native, id=14547, stack(0x00007f831c090000,0x00007f831c191000)]

siginfo: si_signo: 11 (SIGSEGV), si_code: 1 (SEGV_MAPERR), si_addr: 0x0000000000000000

Registers:
RAX=0x00007f82b91a08d0, RBX=0x0000000041101000, RCX=0x0000000000000000, RDX=0x0000000000000024
RSP=0x00007f831c18ec68, RBP=0x0000000000000360, RSI=0x0000000000000000, RDI=0x0000000000000000
R8 =0x00007f82c446ce20, R9 =0x0000000104060000, R10=0x00007f82c45dd140, R11=0x0000000000000000
R12=0x0000000000000000, R13=0x0000000000000024, R14=0x0000000000000000, R15=0x00007f82c4392c20
RIP=0x0000000041c7ff3f, EFLAGS=0x0000000000010282, CSGSFS=0x0000000000000033, ERR=0x0000000000000004
  TRAPNO=0x000000000000000e

Top of Stack: (sp=0x00007f831c18ec68)
0x00007f831c18ec68:   00007f82bc9659a4 0000000400000000
0x00007f831c18ec78:   00007f82c45d8668 00007f82c4392c20
0x00007f831c18ec88:   00007f82bc966385 00007f82b91a08d0
0x00007f831c18ec98:   00007f831c18ecf0 00007f82c42724c0
0x00007f831c18eca8:   0000000041101000 00007f82c42724b0
0x00007f831c18ecb8:   00007f82c45d8c70 00007f82c4392c20
0x00007f831c18ecc8:   00007f82bc96ac08 0000000000000024
0x00007f831c18ecd8:   0100001000000004 0000000000000001
0x00007f831c18ece8:   00007f831c190700 00007f82c41b6320
0x00007f831c18ecf8:   01007f82d0004940 00007f82c4392c20
0x00007f831c18ed08:   0000000041101200 00000002ffffff01
0x00007f831c18ed18:   00007f831c190700 00007f82f0024900
0x00007f831c18ed28:   0000000500000000 00007f8200000008
0x00007f831c18ed38:   000000001c18ee8f 00007f834b96af50
0x00007f831c18ed48:   00007f82c40bc4c0 0000000000000006
0x00007f831c18ed58:   00000000000003d8 00000000014aaadd
0x00007f831c18ed68:   00007f8200000015 00007f830830d110
0x00007f831c18ed78:   00007f82d0005800 00007f820000000a
0x00007f831c18ed88:   00007f831c18ec00 0000000000000006
0x00007f831c18ed98:   00007f831c18eca0 000000006da3ceb5
0x00007f831c18eda8:   0000000000000000 0000000000000000
0x00007f831c18edb8:   00007f82bd7536fd 00007f82c45d8c70
0x00007f831c18edc8:   0000000041101000 00007f82c42724c0
0x00007f831c18edd8:   00007f82c42724b0 0000000000000000
0x00007f831c18ede8:   00007f82bc96a4e1 00000000000000c3
0x00007f831c18edf8:   00c0000000000000 00007f8241101001
0x00007f831c18ee08:   00007f831c190700 00007f831c18ee30
0x00007f831c18ee18:   00007f82d0005800 0000000000000001
0x00007f831c18ee28:   00007f831c190700 00007f8241101001
0x00007f831c18ee38:   000000001c190700 00007f830830d110
0x00007f831c18ee48:   0000000041101000 0000000041145460
0x00007f831c18ee58:   0000000000000004 0000000000000000 

Instructions: (pc=0x0000000041c7ff3f)
0x0000000041c7ff1f:   d1 49 8b cb 48 be e0 20 15 41 00 00 00 00 48 8b
0x0000000041c7ff2f:   36 48 8b b6 08 03 00 00 48 8d 3c 49 48 8d 34 be
0x0000000041c7ff3f:   8b 3e 8b 6e 04 89 38 89 68 04 8b 7e 08 89 78 08
0x0000000041c7ff4f:   48 be e0 20 15 41 00 00 00 00 48 8b 36 48 8b b6 

Register to memory mapping:

RAX=0x00007f82b91a08d0 is an unknown value
RBX=0x0000000041101000 is an unknown value
RCX=0x0000000000000000 is an unknown value
RDX=0x0000000000000024 is an unknown value
RSP=0x00007f831c18ec68 is pointing into the stack for thread: 0x00007f82d0005800
RBP=0x0000000000000360 is an unknown value
RSI=0x0000000000000000 is an unknown value
RDI=0x0000000000000000 is an unknown value
R8 =0x00007f82c446ce20 is an unknown value
R9 =0x0000000104060000 is an unknown value
R10=0x00007f82c45dd140 is an unknown value
R11=0x0000000000000000 is an unknown value
R12=0x0000000000000000 is an unknown value
R13=0x0000000000000024 is an unknown value
R14=0x0000000000000000 is an unknown value
R15=0x00007f82c4392c20 is an unknown value


Stack: [0x00007f831c090000,0x00007f831c191000],  sp=0x00007f831c18ec68,  free space=1019k
Native frames: (J=compiled Java code, j=interpreted, Vv=VM code, C=native code)
C  0x0000000041c7ff3f

Java frames: (J=compiled Java code, j=interpreted, Vv=VM code)
j  org.lwjgl.system.JNI.callV(JIII)V+0
j  org.lwjgl.opengl.GL11.glDrawArrays(III)V+11
j  net.supercraft.B2LScala.DisplayTest.net$supercraft$B2LScala$DisplayTest$$drawObj$1(Lnet/supercraft/B2LScala/GlHandleObject;)V+25
j  net.supercraft.B2LScala.DisplayTest$$anonfun$draw$1.apply(Lnet/supercraft/B2LScala/GlHandleObject;)V+5
j  net.supercraft.B2LScala.DisplayTest$$anonfun$draw$1.apply(Ljava/lang/Object;)Ljava/lang/Object;+5
j  scala.collection.immutable.List.foreach(Lscala/Function1;)V+15
j  net.supercraft.B2LScala.DisplayTest.draw(Lscala/collection/immutable/List;Lnet/supercraft/B2LScala/Camera;)V+141
j  net.supercraft.B2LScala.DisplayTest.updateDisplay()V+225
j  net.supercraft.B2LScala.DisplayTest$$anonfun$active$1.applyOrElse(Ljava/lang/Object;Lscala/Function1;)Ljava/lang/Object;+79
j  akka.actor.Actor$class.aroundReceive(Lakka/actor/Actor;Lscala/PartialFunction;Ljava/lang/Object;)V+10
j  net.supercraft.B2LScala.DisplayTest.aroundReceive(Lscala/PartialFunction;Ljava/lang/Object;)V+3
j  akka.actor.ActorCell.receiveMessage(Ljava/lang/Object;)V+15
j  akka.actor.ActorCell.invoke(Lakka/dispatch/Envelope;)V+59
j  akka.dispatch.Mailbox.processMailbox(IJ)V+24
j  akka.dispatch.Mailbox.run()V+20
j  java.util.concurrent.ThreadPoolExecutor.runWorker(Ljava/util/concurrent/ThreadPoolExecutor$Worker;)V+95
j  java.util.concurrent.ThreadPoolExecutor$Worker.run()V+5
j  java.lang.Thread.run()V+11
v  ~StubRoutines::call_stub

---------------  P R O C E S S  ---------------

Java Threads: ( => current thread )
=>0x00007f82d0005800 JavaThread "B2L_Actor_System-single-thread-dispatcher-5" [_thread_in_native, id=14547, stack(0x00007f831c090000,0x00007f831c191000)]
  0x00007f834400b800 JavaThread "DestroyJavaVM" [_thread_blocked, id=14521, stack(0x00007f834c4ef000,0x00007f834c5f0000)]
  0x00007f82d8008000 JavaThread "B2L_Actor_System-akka.actor.default-dispatcher-4" [_thread_blocked, id=14546, stack(0x00007f831c191000,0x00007f831c292000)]
  0x00007f8344642000 JavaThread "B2L_Actor_System-akka.actor.default-dispatcher-3" [_thread_blocked, id=14545, stack(0x00007f831c292000,0x00007f831c393000)]
  0x00007f834462e800 JavaThread "B2L_Actor_System-akka.actor.default-dispatcher-2" [_thread_blocked, id=14544, stack(0x00007f831c393000,0x00007f831c494000)]
  0x00007f8344580000 JavaThread "B2L_Actor_System-scheduler-1" [_thread_blocked, id=14543, stack(0x00007f831c694000,0x00007f831c795000)]
  0x00007f8344317800 JavaThread "Monitor Ctrl-Break" daemon [_thread_in_native, id=14540, stack(0x00007f831ccad000,0x00007f831cdae000)]
  0x00007f83440d4800 JavaThread "Service Thread" daemon [_thread_blocked, id=14538, stack(0x00007f831d306000,0x00007f831d407000)]
  0x00007f83440c9800 JavaThread "C1 CompilerThread3" daemon [_thread_blocked, id=14537, stack(0x00007f831d407000,0x00007f831d508000)]
  0x00007f83440c7000 JavaThread "C2 CompilerThread2" daemon [_thread_blocked, id=14536, stack(0x00007f831d508000,0x00007f831d609000)]
  0x00007f83440c5800 JavaThread "C2 CompilerThread1" daemon [_thread_blocked, id=14535, stack(0x00007f831d609000,0x00007f831d70a000)]
  0x00007f83440c2800 JavaThread "C2 CompilerThread0" daemon [_thread_blocked, id=14534, stack(0x00007f831d70a000,0x00007f831d80b000)]
  0x00007f83440c1000 JavaThread "Signal Dispatcher" daemon [_thread_blocked, id=14533, stack(0x00007f831d80b000,0x00007f831d90c000)]
  0x00007f834408e000 JavaThread "Finalizer" daemon [_thread_blocked, id=14532, stack(0x00007f831dbe4000,0x00007f831dce5000)]
  0x00007f8344089000 JavaThread "Reference Handler" daemon [_thread_blocked, id=14531, stack(0x00007f831dce5000,0x00007f831dde6000)]

Other Threads:
  0x00007f8344081800 VMThread [stack: 0x00007f831dde6000,0x00007f831dee7000] [id=14530]
  0x00007f83440d7800 WatcherThread [stack: 0x00007f831d205000,0x00007f831d306000] [id=14539]

VM state:not at safepoint (normal execution)

VM Mutex/Monitor currently owned by a thread: None

Heap:
 PSYoungGen      total 74752K, used 60812K [0x000000076ce00000, 0x0000000772100000, 0x00000007c0000000)
  eden space 64512K, 94% used [0x000000076ce00000,0x00000007709633a8,0x0000000770d00000)
  from space 10240K, 0% used [0x0000000771700000,0x0000000771700000,0x0000000772100000)
  to   space 10240K, 0% used [0x0000000770d00000,0x0000000770d00000,0x0000000771700000)
 ParOldGen       total 171008K, used 0K [0x00000006c6a00000, 0x00000006d1100000, 0x000000076ce00000)
  object space 171008K, 0% used [0x00000006c6a00000,0x00000006c6a00000,0x00000006d1100000)
 Metaspace       used 16985K, capacity 17153K, committed 17408K, reserved 1064960K
  class space    used 2115K, capacity 2211K, committed 2304K, reserved 1048576K

Card table byte_map: [0x00007f8348ae3000,0x00007f83492af000] byte_map_base: 0x00007f83454ae000

Marking Bits: (ParMarkBitMap*) 0x00007f834b9cf4c0
 Begin Bits: [0x00007f8308350000, 0x00007f830c1a8000)
 End Bits:   [0x00007f830c1a8000, 0x00007f8310000000)

Polling page: 0x00007f834c61e000

CodeCache: size=245760Kb used=3901Kb max_used=3901Kb free=241858Kb
 bounds [0x00007f8335000000, 0x00007f83353e0000, 0x00007f8344000000]
 total_blobs=1859 nmethods=1030 adapters=742
 compilation: enabled

Compilation events (10 events):
Event: 1.025 Thread 0x00007f83440c7000 1026   !   4       java.util.zip.Inflater::inflate (113 bytes)
Event: 1.027 Thread 0x00007f83440c2800 1027       4       java.lang.String::regionMatches (149 bytes)
Event: 1.028 Thread 0x00007f83440c7000 nmethod 1026 0x00007f83353c2110 code [0x00007f83353c2280, 0x00007f83353c2748]
Event: 1.033 Thread 0x00007f83440c2800 nmethod 1027 0x00007f83353c45d0 code [0x00007f83353c4760, 0x00007f83353c4f78]
Event: 1.044 Thread 0x00007f83440c9800 1028       3       sun.nio.cs.UTF_8$Decoder::decodeArrayLoop (691 bytes)
Event: 1.047 Thread 0x00007f83440c9800 nmethod 1028 0x00007f83353c5810 code [0x00007f83353c6180, 0x00007f83353cc968]
Event: 1.047 Thread 0x00007f83440c9800 1031       3       java.util.jar.Manifest::getAttributes (14 bytes)
Event: 1.047 Thread 0x00007f83440c9800 nmethod 1031 0x00007f83353be190 code [0x00007f83353be300, 0x00007f83353be628]
Event: 1.047 Thread 0x00007f83440c9800 1030       3       java.lang.invoke.MethodType::parameterCount (6 bytes)
Event: 1.047 Thread 0x00007f83440c9800 nmethod 1030 0x00007f83353bde10 code [0x00007f83353bdf80, 0x00007f83353be0f0]

GC Heap History (0 events):
No events

Deoptimization events (10 events):
Event: 0.297 Thread 0x00007f834400b800 Uncommon trap: reason=bimorphic action=maybe_recompile pc=0x00007f83351da8d8 method=java.util.AbstractCollection.isEmpty()Z @ 1
Event: 0.320 Thread 0x00007f834400b800 Uncommon trap: reason=unstable_if action=reinterpret pc=0x00007f8335254f7c method=java.util.HashMap.putVal(ILjava/lang/Object;Ljava/lang/Object;ZZ)Ljava/lang/Object; @ 81
Event: 0.496 Thread 0x00007f834400b800 Uncommon trap: reason=class_check action=maybe_recompile pc=0x00007f83351c4f60 method=com.typesafe.config.impl.Tokenizer$TokenIterator.nextCharRaw()I @ 14
Event: 0.496 Thread 0x00007f834400b800 Uncommon trap: reason=class_check action=maybe_recompile pc=0x00007f83351c4f60 method=com.typesafe.config.impl.Tokenizer$TokenIterator.nextCharRaw()I @ 14
Event: 0.496 Thread 0x00007f834400b800 Uncommon trap: reason=class_check action=maybe_recompile pc=0x00007f83351c4f60 method=com.typesafe.config.impl.Tokenizer$TokenIterator.nextCharRaw()I @ 14
Event: 0.496 Thread 0x00007f834400b800 Uncommon trap: reason=class_check action=maybe_recompile pc=0x00007f83351c4f60 method=com.typesafe.config.impl.Tokenizer$TokenIterator.nextCharRaw()I @ 14
Event: 0.632 Thread 0x00007f82d0005800 Uncommon trap: reason=unstable_if action=reinterpret pc=0x00007f83352fdf4c method=java.lang.CharacterDataLatin1.toUpperCase(I)I @ 12
Event: 0.673 Thread 0x00007f82d0005800 Uncommon trap: reason=unstable_if action=reinterpret pc=0x00007f83352fd174 method=java.io.UnixFileSystem.normalize(Ljava/lang/String;)Ljava/lang/String; @ 34
Event: 0.688 Thread 0x00007f82d0005800 Uncommon trap: reason=unstable_if action=reinterpret pc=0x00007f833529b408 method=java.lang.String.indexOf([CII[CIII)I @ 3
Event: 0.999 Thread 0x00007f82d0005800 Uncommon trap: reason=unstable_if action=reinterpret pc=0x00007f83352b8770 method=sun.net.www.ParseUtil.encodePath(Ljava/lang/String;Z)Ljava/lang/String; @ 109

Internal exceptions (10 events):
Event: 0.145 Thread 0x00007f834400b800 Exception <a 'java/security/PrivilegedActionException'> (0x000000076d3fcb20) thrown at [/HUDSON/workspace/8-2-build-linux-amd64/jdk8u92/6642/hotspot/src/share/vm/prims/jvm.cpp, line 1386]
Event: 0.572 Thread 0x00007f834400b800 Exception <a 'java/lang/ArrayIndexOutOfBoundsException': 18> (0x000000076f40ded0) thrown at [/HUDSON/workspace/8-2-build-linux-amd64/jdk8u92/6642/hotspot/src/share/vm/interpreter/interpreterRuntime.cpp, line 366]
Event: 0.572 Thread 0x00007f834400b800 Exception <a 'java/lang/ArrayIndexOutOfBoundsException': 120> (0x000000076f40f458) thrown at [/HUDSON/workspace/8-2-build-linux-amd64/jdk8u92/6642/hotspot/src/share/vm/interpreter/interpreterRuntime.cpp, line 366]
Event: 0.572 Thread 0x00007f834400b800 Exception <a 'java/lang/ArrayIndexOutOfBoundsException'> (0x000000076f410628) thrown at [/HUDSON/workspace/8-2-build-linux-amd64/jdk8u92/6642/hotspot/src/share/vm/runtime/sharedRuntime.cpp, line 605]
Event: 0.585 Thread 0x00007f834400b800 Exception <a 'java/lang/ArrayIndexOutOfBoundsException'> (0x000000076f6890f8) thrown at [/HUDSON/workspace/8-2-build-linux-amd64/jdk8u92/6642/hotspot/src/share/vm/runtime/sharedRuntime.cpp, line 605]
Event: 0.589 Thread 0x00007f834400b800 Exception <a 'java/lang/ArrayIndexOutOfBoundsException'> (0x000000076f6ec898) thrown at [/HUDSON/workspace/8-2-build-linux-amd64/jdk8u92/6642/hotspot/src/share/vm/runtime/sharedRuntime.cpp, line 605]
Event: 0.590 Thread 0x00007f834400b800 Exception <a 'java/lang/ArrayIndexOutOfBoundsException'> (0x000000076f6f6b60) thrown at [/HUDSON/workspace/8-2-build-linux-amd64/jdk8u92/6642/hotspot/src/share/vm/runtime/sharedRuntime.cpp, line 605]
Event: 0.590 Thread 0x00007f834400b800 Exception <a 'java/lang/ArrayIndexOutOfBoundsException'> (0x000000076f6fd030) thrown at [/HUDSON/workspace/8-2-build-linux-amd64/jdk8u92/6642/hotspot/src/share/vm/runtime/sharedRuntime.cpp, line 605]
Event: 0.653 Thread 0x00007f82d0005800 Exception <a 'java/lang/NoSuchFieldError': method resolution failed> (0x000000076fe63740) thrown at [/HUDSON/workspace/8-2-build-linux-amd64/jdk8u92/6642/hotspot/src/share/vm/prims/methodHandles.cpp, line 1146]
Event: 0.655 Thread 0x00007f82d0005800 Exception <a 'java/lang/NoSuchFieldError': method resolution failed> (0x000000076fe70e00) thrown at [/HUDSON/workspace/8-2-build-linux-amd64/jdk8u92/6642/hotspot/src/share/vm/prims/methodHandles.cpp, line 1146]

Events (10 events):
Event: 1.053 loading class net/supercraft/B2LScala/MatrixHelper$
Event: 1.053 loading class net/supercraft/B2LScala/MatrixHelper$ done
Event: 1.054 loading class net/supercraft/B2LScala/DisplayTest$$anonfun$active$1
Event: 1.054 loading class net/supercraft/B2LScala/DisplayTest$$anonfun$active$1 done
Event: 1.054 loading class net/supercraft/B2LScala/DestroyDisplay
Event: 1.054 loading class net/supercraft/B2LScala/DestroyDisplay done
Event: 1.060 loading class com/github/jpbetz/subspace/Buffers$
Event: 1.060 loading class com/github/jpbetz/subspace/Buffers$ done
Event: 1.061 loading class net/supercraft/B2LScala/DisplayTest$$anonfun$draw$1
Event: 1.061 loading class net/supercraft/B2LScala/DisplayTest$$anonfun$draw$1 done


Dynamic libraries:
00400000-00401000 r-xp 00000000 08:02 13636500                           /usr/lib/jvm/java-8-oracle/bin/java
00600000-00601000 rw-p 00000000 08:02 13636500                           /usr/lib/jvm/java-8-oracle/bin/java
02589000-025aa000 rw-p 00000000 00:00 0                                  [heap]
41101000-411a0000 rw-p 00000000 00:00 0 
41c7e000-41c80000 r-xs 00000000 08:02 2359401                            /tmp/.gl0L4uWH (deleted)
6c6a00000-6d1100000 rw-p 00000000 00:00 0 
6d1100000-76ce00000 ---p 00000000 00:00 0 
76ce00000-772100000 rw-p 00000000 00:00 0 
772100000-7c0000000 ---p 00000000 00:00 0 
7c0000000-7c0240000 rw-p 00000000 00:00 0 
7c0240000-800000000 ---p 00000000 00:00 0 
7f82b8600000-7f82b8a00000 rw-p 00000000 00:00 0 
7f82b8a26000-7f82b8a5b000 r-xp 00000000 08:02 8406655                    /home/jojolepro/Prog/B2LScala/native/libjemalloc.so
7f82b8a5b000-7f82b8c5a000 ---p 00035000 08:02 8406655                    /home/jojolepro/Prog/B2LScala/native/libjemalloc.so
7f82b8c5a000-7f82b8c5d000 r--p 00034000 08:02 8406655                    /home/jojolepro/Prog/B2LScala/native/libjemalloc.so
7f82b8c5d000-7f82b8c5e000 rw-p 00037000 08:02 8406655                    /home/jojolepro/Prog/B2LScala/native/libjemalloc.so
7f82b8c5e000-7f82b8d1f000 rw-p 00000000 00:00 0 
7f82b8d1f000-7f82b8e5f000 ---p 00000000 00:00 0 
7f82b8e5f000-7f82b8e9f000 rw-s 00000000 08:02 7624689                    /home/jojolepro/.glvnd5RT9Ae (deleted)
7f82b8e9f000-7f82b909f000 rw-p 00000000 00:00 0 
7f82b909f000-7f82b911f000 rw-s 8efb5000 00:06 516                        /dev/nvidiactl
7f82b911f000-7f82b919f000 rw-s 91d85000 00:06 516                        /dev/nvidiactl
7f82b919f000-7f82b929f000 rw-s 3d6a63000 00:06 516                       /dev/nvidiactl
7f82b929f000-7f82b93a3000 rw-s 4497b8000 00:06 516                       /dev/nvidiactl
7f82b93a3000-7f82ba8c8000 r-xp 00000000 08:02 12976832                   /usr/lib/nvidia-361/libnvidia-eglcore.so.361.42
7f82ba8c8000-7f82baac8000 ---p 01525000 08:02 12976832                   /usr/lib/nvidia-361/libnvidia-eglcore.so.361.42
7f82baac8000-7f82bae65000 rw-p 01525000 08:02 12976832                   /usr/lib/nvidia-361/libnvidia-eglcore.so.361.42
7f82bae65000-7f82bae75000 rw-p 00000000 00:00 0 
7f82bae75000-7f82bae84000 r-xp 00000000 08:02 12977348                   /usr/lib/nvidia-361/libGLESv2_nvidia.so.361.42
7f82bae84000-7f82bb084000 ---p 0000f000 08:02 12977348                   /usr/lib/nvidia-361/libGLESv2_nvidia.so.361.42
7f82bb084000-7f82bb088000 rw-p 0000f000 08:02 12977348                   /usr/lib/nvidia-361/libGLESv2_nvidia.so.361.42
7f82bb088000-7f82bb0f7000 r-xp 00000000 08:02 12977218                   /usr/lib/nvidia-361/libnvidia-glsi.so.361.42
7f82bb0f7000-7f82bb2f7000 ---p 0006f000 08:02 12977218                   /usr/lib/nvidia-361/libnvidia-glsi.so.361.42
7f82bb2f7000-7f82bb300000 rw-p 0006f000 08:02 12977218                   /usr/lib/nvidia-361/libnvidia-glsi.so.361.42
7f82bb300000-7f82bb30e000 rw-p 00000000 00:00 0 
7f82bb30e000-7f82bb3d0000 r-xp 00000000 08:02 12977244                   /usr/lib/nvidia-361/libEGL_nvidia.so.361.42
7f82bb3d0000-7f82bb5d0000 ---p 000c2000 08:02 12977244                   /usr/lib/nvidia-361/libEGL_nvidia.so.361.42
7f82bb5d0000-7f82bb5f9000 rw-p 000c2000 08:02 12977244                   /usr/lib/nvidia-361/libEGL_nvidia.so.361.42
7f82bb5f9000-7f82bb60d000 rw-p 00000000 00:00 0 
7f82bb60d000-7f82bb611000 r-xp 00000000 08:02 12976294                   /usr/lib/nvidia-361/libEGL.so.1
7f82bb611000-7f82bb810000 ---p 00004000 08:02 12976294                   /usr/lib/nvidia-361/libEGL.so.1
7f82bb810000-7f82bb811000 rw-p 00003000 08:02 12976294                   /usr/lib/nvidia-361/libEGL.so.1
7f82bb811000-7f82bcb11000 r-xp 00000000 08:02 12976894                   /usr/lib/nvidia-361/libnvidia-glcore.so.361.42
7f82bcb11000-7f82bcb31000 rwxp 01300000 08:02 12976894                   /usr/lib/nvidia-361/libnvidia-glcore.so.361.42
7f82bcb31000-7f82bcec0000 r-xp 01320000 08:02 12976894                   /usr/lib/nvidia-361/libnvidia-glcore.so.361.42
7f82bcec0000-7f82bd0bf000 ---p 016af000 08:02 12976894                   /usr/lib/nvidia-361/libnvidia-glcore.so.361.42
7f82bd0bf000-7f82bd48c000 rw-p 016ae000 08:02 12976894                   /usr/lib/nvidia-361/libnvidia-glcore.so.361.42
7f82bd48c000-7f82bd4a0000 rw-p 00000000 00:00 0 
7f82bd4a0000-7f82bd4a3000 r-xp 00000000 08:02 12977019                   /usr/lib/nvidia-361/tls/libnvidia-tls.so.361.42
7f82bd4a3000-7f82bd6a3000 ---p 00003000 08:02 12977019                   /usr/lib/nvidia-361/tls/libnvidia-tls.so.361.42
7f82bd6a3000-7f82bd6a4000 rw-p 00003000 08:02 12977019                   /usr/lib/nvidia-361/tls/libnvidia-tls.so.361.42
7f82bd6a4000-7f82bd76a000 r-xp 00000000 08:02 12976826                   /usr/lib/nvidia-361/libGLX_nvidia.so.361.42
7f82bd76a000-7f82bd79d000 rwxp 000c6000 08:02 12976826                   /usr/lib/nvidia-361/libGLX_nvidia.so.361.42
7f82bd79d000-7f82bd7b0000 r-xp 000f9000 08:02 12976826                   /usr/lib/nvidia-361/libGLX_nvidia.so.361.42
7f82bd7b0000-7f82bd9af000 ---p 0010c000 08:02 12976826                   /usr/lib/nvidia-361/libGLX_nvidia.so.361.42
7f82bd9af000-7f82bd9d8000 rw-p 0010b000 08:02 12976826                   /usr/lib/nvidia-361/libGLX_nvidia.so.361.42
7f82bd9d8000-7f82bd9de000 rw-p 00000000 00:00 0 
7f82bd9de000-7f82bda2b000 r-xp 00000000 08:02 12977345                   /usr/lib/nvidia-361/libGLdispatch.so.0
7f82bda2b000-7f82bda5d000 r-xp 0004d000 08:02 12977345                   /usr/lib/nvidia-361/libGLdispatch.so.0
7f82bda5d000-7f82bda97000 r-xp 0007f000 08:02 12977345                   /usr/lib/nvidia-361/libGLdispatch.so.0
7f82bda97000-7f82bdc97000 ---p 000b9000 08:02 12977345                   /usr/lib/nvidia-361/libGLdispatch.so.0
7f82bdc97000-7f82bdca6000 rw-p 000b9000 08:02 12977345                   /usr/lib/nvidia-361/libGLdispatch.so.0
7f82bdca6000-7f82bdcc6000 rw-p 00000000 00:00 0 
7f82bdcc6000-7f82bdcd7000 r-xp 00000000 08:02 12977247                   /usr/lib/nvidia-361/libGLX.so.0
7f82bdcd7000-7f82bded7000 ---p 00011000 08:02 12977247                   /usr/lib/nvidia-361/libGLX.so.0
7f82bded7000-7f82bded8000 rw-p 00011000 08:02 12977247                   /usr/lib/nvidia-361/libGLX.so.0
7f82bded8000-7f82bdef8000 rw-p 00000000 00:00 0 
7f82bdef8000-7f82bdf29000 r-xp 00000000 08:02 12977269                   /usr/lib/nvidia-361/libGL.so.1.0.0
7f82bdf29000-7f82bdf5b000 r-xp 00031000 08:02 12977269                   /usr/lib/nvidia-361/libGL.so.1.0.0
7f82bdf5b000-7f82bdf85000 r-xp 00063000 08:02 12977269                   /usr/lib/nvidia-361/libGL.so.1.0.0
7f82bdf85000-7f82be185000 ---p 0008d000 08:02 12977269                   /usr/lib/nvidia-361/libGL.so.1.0.0
7f82be185000-7f82be186000 rw-p 0008d000 08:02 12977269                   /usr/lib/nvidia-361/libGL.so.1.0.0
7f82be186000-7f82be187000 rw-p 00000000 00:00 0 
7f82be187000-7f82be18c000 r-xp 00000000 08:02 12977309                   /usr/lib/x86_64-linux-gnu/libXxf86vm.so.1.0.0
7f82be18c000-7f82be38b000 ---p 00005000 08:02 12977309                   /usr/lib/x86_64-linux-gnu/libXxf86vm.so.1.0.0
7f82be38b000-7f82be38c000 r--p 00004000 08:02 12977309                   /usr/lib/x86_64-linux-gnu/libXxf86vm.so.1.0.0
7f82be38c000-7f82be38d000 rw-p 00005000 08:02 12977309                   /usr/lib/x86_64-linux-gnu/libXxf86vm.so.1.0.0
7f82be38d000-7f82be3a6000 r-xp 00000000 08:02 8406653                    /home/jojolepro/Prog/B2LScala/native/libglfw.so
7f82be3a6000-7f82be5a6000 ---p 00019000 08:02 8406653                    /home/jojolepro/Prog/B2LScala/native/libglfw.so
7f82be5a6000-7f82be5a7000 r--p 00019000 08:02 8406653                    /home/jojolepro/Prog/B2LScala/native/libglfw.so
7f82be5a7000-7f82be5a8000 rw-p 0001a000 08:02 8406653                    /home/jojolepro/Prog/B2LScala/native/libglfw.so
7f82be5a8000-7f82be5a9000 rw-p 00000000 00:00 0 
7f82be5a9000-7f82be5b0000 r-xp 00000000 08:02 12989005                   /usr/lib/x86_64-linux-gnu/liburcu-bp.so.4.0.0
7f82be5b0000-7f82be7af000 ---p 00007000 08:02 12989005                   /usr/lib/x86_64-linux-gnu/liburcu-bp.so.4.0.0
7f82be7af000-7f82be7b0000 r--p 00006000 08:02 12989005                   /usr/lib/x86_64-linux-gnu/liburcu-bp.so.4.0.0
7f82be7b0000-7f82be7b1000 rw-p 00007000 08:02 12989005                   /usr/lib/x86_64-linux-gnu/liburcu-bp.so.4.0.0
7f82be7b1000-7f82be7ba000 r-xp 00000000 08:02 12989164                   /usr/lib/x86_64-linux-gnu/liblttng-ust-tracepoint.so.0.0.0
7f82be7ba000-7f82be9ba000 ---p 00009000 08:02 12989164                   /usr/lib/x86_64-linux-gnu/liblttng-ust-tracepoint.so.0.0.0
7f82be9ba000-7f82be9bb000 r--p 00009000 08:02 12989164                   /usr/lib/x86_64-linux-gnu/liblttng-ust-tracepoint.so.0.0.0
7f82be9bb000-7f82be9bc000 rw-p 0000a000 08:02 12989164                   /usr/lib/x86_64-linux-gnu/liblttng-ust-tracepoint.so.0.0.0
7f82be9bc000-7f82be9cc000 rw-p 00000000 00:00 0 
7f82be9cc000-7f82be9de000 r-xp 00000000 08:02 7078990                    /lib/x86_64-linux-gnu/libgpg-error.so.0.17.0
7f82be9de000-7f82bebde000 ---p 00012000 08:02 7078990                    /lib/x86_64-linux-gnu/libgpg-error.so.0.17.0
7f82bebde000-7f82bebdf000 r--p 00012000 08:02 7078990                    /lib/x86_64-linux-gnu/libgpg-error.so.0.17.0
7f82bebdf000-7f82bebe0000 rw-p 00013000 08:02 7078990                    /lib/x86_64-linux-gnu/libgpg-error.so.0.17.0
7f82bebe0000-7f82becb8000 r-xp 00000000 08:02 7077937                    /lib/x86_64-linux-gnu/libgcrypt.so.20.0.5
7f82becb8000-7f82beeb7000 ---p 000d8000 08:02 7077937                    /lib/x86_64-linux-gnu/libgcrypt.so.20.0.5
7f82beeb7000-7f82beeb8000 r--p 000d7000 08:02 7077937                    /lib/x86_64-linux-gnu/libgcrypt.so.20.0.5
7f82beeb8000-7f82beec0000 rw-p 000d8000 08:02 7077937                    /lib/x86_64-linux-gnu/libgcrypt.so.20.0.5
7f82beec0000-7f82beec1000 rw-p 00000000 00:00 0 
7f82beec1000-7f82beee2000 r-xp 00000000 08:02 7082209                    /lib/x86_64-linux-gnu/liblzma.so.5.0.0
7f82beee2000-7f82bf0e1000 ---p 00021000 08:02 7082209                    /lib/x86_64-linux-gnu/liblzma.so.5.0.0
7f82bf0e1000-7f82bf0e2000 r--p 00020000 08:02 7082209                    /lib/x86_64-linux-gnu/liblzma.so.5.0.0
7f82bf0e2000-7f82bf0e3000 rw-p 00021000 08:02 7082209                    /lib/x86_64-linux-gnu/liblzma.so.5.0.0
7f82bf0e3000-7f82bf0fa000 r-xp 00000000 08:02 12986390                   /usr/lib/x86_64-linux-gnu/libboost_filesystem.so.1.58.0
7f82bf0fa000-7f82bf2f9000 ---p 00017000 08:02 12986390                   /usr/lib/x86_64-linux-gnu/libboost_filesystem.so.1.58.0
7f82bf2f9000-7f82bf2fa000 r--p 00016000 08:02 12986390                   /usr/lib/x86_64-linux-gnu/libboost_filesystem.so.1.58.0
7f82bf2fa000-7f82bf2fb000 rw-p 00017000 08:02 12986390                   /usr/lib/x86_64-linux-gnu/libboost_filesystem.so.1.58.0
7f82bf2fb000-7f82bf301000 r-xp 00000000 08:02 12976453                   /usr/lib/x86_64-linux-gnu/libdatrie.so.1.3.3
7f82bf301000-7f82bf501000 ---p 00006000 08:02 12976453                   /usr/lib/x86_64-linux-gnu/libdatrie.so.1.3.3
7f82bf501000-7f82bf502000 r--p 00006000 08:02 12976453                   /usr/lib/x86_64-linux-gnu/libdatrie.so.1.3.3
7f82bf502000-7f82bf503000 rw-p 00007000 08:02 12976453                   /usr/lib/x86_64-linux-gnu/libdatrie.so.1.3.3
7f82bf503000-7f82bf526000 r-xp 00000000 08:02 12978881                   /usr/lib/x86_64-linux-gnu/libgraphite2.so.3.0.1
7f82bf526000-7f82bf725000 ---p 00023000 08:02 12978881                   /usr/lib/x86_64-linux-gnu/libgraphite2.so.3.0.1
7f82bf725000-7f82bf727000 r--p 00022000 08:02 12978881                   /usr/lib/x86_64-linux-gnu/libgraphite2.so.3.0.1
7f82bf727000-7f82bf728000 rw-p 00024000 08:02 12978881                   /usr/lib/x86_64-linux-gnu/libgraphite2.so.3.0.1
7f82bf728000-7f82bf72d000 r-xp 00000000 08:02 12983631                   /usr/lib/x86_64-linux-gnu/libXdmcp.so.6.0.0
7f82bf72d000-7f82bf92c000 ---p 00005000 08:02 12983631                   /usr/lib/x86_64-linux-gnu/libXdmcp.so.6.0.0
7f82bf92c000-7f82bf92d000 r--p 00004000 08:02 12983631                   /usr/lib/x86_64-linux-gnu/libXdmcp.so.6.0.0
7f82bf92d000-7f82bf92e000 rw-p 00005000 08:02 12983631                   /usr/lib/x86_64-linux-gnu/libXdmcp.so.6.0.0
7f82bf92e000-7f82bf930000 r-xp 00000000 08:02 12984364                   /usr/lib/x86_64-linux-gnu/libXau.so.6.0.0
7f82bf930000-7f82bfb30000 ---p 00002000 08:02 12984364                   /usr/lib/x86_64-linux-gnu/libXau.so.6.0.0
7f82bfb30000-7f82bfb31000 r--p 00002000 08:02 12984364                   /usr/lib/x86_64-linux-gnu/libXau.so.6.0.0
7f82bfb31000-7f82bfb32000 rw-p 00003000 08:02 12984364                   /usr/lib/x86_64-linux-gnu/libXau.so.6.0.0
7f82bfb32000-7f82bfca4000 r-xp 00000000 08:02 12977343                   /usr/lib/x86_64-linux-gnu/libstdc++.so.6.0.21
7f82bfca4000-7f82bfea4000 ---p 00172000 08:02 12977343                   /usr/lib/x86_64-linux-gnu/libstdc++.so.6.0.21
7f82bfea4000-7f82bfeae000 r--p 00172000 08:02 12977343                   /usr/lib/x86_64-linux-gnu/libstdc++.so.6.0.21
7f82bfeae000-7f82bfeb0000 rw-p 0017c000 08:02 12977343                   /usr/lib/x86_64-linux-gnu/libstdc++.so.6.0.21
7f82bfeb0000-7f82bfeb4000 rw-p 00000000 00:00 0 
7f82bfeb4000-7f82bfee4000 r-xp 00000000 08:02 12976706                   /usr/lib/x86_64-linux-gnu/libprotobuf-lite.so.9.0.1
7f82bfee4000-7f82c00e3000 ---p 00030000 08:02 12976706                   /usr/lib/x86_64-linux-gnu/libprotobuf-lite.so.9.0.1
7f82c00e3000-7f82c00e4000 r--p 0002f000 08:02 12976706                   /usr/lib/x86_64-linux-gnu/libprotobuf-lite.so.9.0.1
7f82c00e4000-7f82c00e5000 rw-p 00030000 08:02 12976706                   /usr/lib/x86_64-linux-gnu/libprotobuf-lite.so.9.0.1
7f82c00e5000-7f82c00e8000 r-xp 00000000 08:02 12976856                   /usr/lib/x86_64-linux-gnu/libboost_system.so.1.58.0
7f82c00e8000-7f82c02e7000 ---p 00003000 08:02 12976856                   /usr/lib/x86_64-linux-gnu/libboost_system.so.1.58.0
7f82c02e7000-7f82c02e8000 r--p 00002000 08:02 12976856                   /usr/lib/x86_64-linux-gnu/libboost_system.so.1.58.0
7f82c02e8000-7f82c02e9000 rw-p 00003000 08:02 12976856                   /usr/lib/x86_64-linux-gnu/libboost_system.so.1.58.0
7f82c02e9000-7f82c0347000 r-xp 00000000 08:02 12981661                   /usr/lib/x86_64-linux-gnu/libmirprotobuf.so.3
7f82c0347000-7f82c0546000 ---p 0005e000 08:02 12981661                   /usr/lib/x86_64-linux-gnu/libmirprotobuf.so.3
7f82c0546000-7f82c0549000 r--p 0005d000 08:02 12981661                   /usr/lib/x86_64-linux-gnu/libmirprotobuf.so.3
7f82c0549000-7f82c054a000 rw-p 00060000 08:02 12981661                   /usr/lib/x86_64-linux-gnu/libmirprotobuf.so.3
7f82c054a000-7f82c0578000 r-xp 00000000 08:02 12976575                   /usr/lib/x86_64-linux-gnu/libmircommon.so.5
7f82c0578000-7f82c0778000 ---p 0002e000 08:02 12976575                   /usr/lib/x86_64-linux-gnu/libmircommon.so.5
7f82c0778000-7f82c077a000 r--p 0002e000 08:02 12976575                   /usr/lib/x86_64-linux-gnu/libmircommon.so.5
7f82c077a000-7f82c077b000 rw-p 00030000 08:02 12976575                   /usr/lib/x86_64-linux-gnu/libmircommon.so.5
7f82c077b000-7f82c07e9000 r-xp 00000000 08:02 7077976                    /lib/x86_64-linux-gnu/libpcre.so.3.13.2
7f82c07e9000-7f82c09e9000 ---p 0006e000 08:02 7077976                    /lib/x86_64-linux-gnu/libpcre.so.3.13.2
7f82c09e9000-7f82c09ea000 r--p 0006e000 08:02 7077976                    /lib/x86_64-linux-gnu/libpcre.so.3.13.2
7f82c09ea000-7f82c09eb000 rw-p 0006f000 08:02 7077976                    /lib/x86_64-linux-gnu/libpcre.so.3.13.2
7f82c09eb000-7f82c09f2000 r-xp 00000000 08:02 12980588                   /usr/lib/x86_64-linux-gnu/libffi.so.6.0.4
7f82c09f2000-7f82c0bf1000 ---p 00007000 08:02 12980588                   /usr/lib/x86_64-linux-gnu/libffi.so.6.0.4
7f82c0bf1000-7f82c0bf2000 r--p 00006000 08:02 12980588                   /usr/lib/x86_64-linux-gnu/libffi.so.6.0.4
7f82c0bf2000-7f82c0bf3000 rw-p 00007000 08:02 12980588                   /usr/lib/x86_64-linux-gnu/libffi.so.6.0.4
7f82c0bf3000-7f82c0c0a000 r-xp 00000000 08:02 7082171                    /lib/x86_64-linux-gnu/libresolv-2.23.so
7f82c0c0a000-7f82c0e0a000 ---p 00017000 08:02 7082171                    /lib/x86_64-linux-gnu/libresolv-2.23.so
7f82c0e0a000-7f82c0e0b000 r--p 00017000 08:02 7082171                    /lib/x86_64-linux-gnu/libresolv-2.23.so
7f82c0e0b000-7f82c0e0c000 rw-p 00018000 08:02 7082171                    /lib/x86_64-linux-gnu/libresolv-2.23.so
7f82c0e0c000-7f82c0e0e000 rw-p 00000000 00:00 0 
7f82c0e0e000-7f82c0e2d000 r-xp 00000000 08:02 7077971                    /lib/x86_64-linux-gnu/libselinux.so.1
7f82c0e2d000-7f82c102c000 ---p 0001f000 08:02 7077971                    /lib/x86_64-linux-gnu/libselinux.so.1
7f82c102c000-7f82c102d000 r--p 0001e000 08:02 7077971                    /lib/x86_64-linux-gnu/libselinux.so.1
7f82c102d000-7f82c102e000 rw-p 0001f000 08:02 7077971                    /lib/x86_64-linux-gnu/libselinux.so.1
7f82c102e000-7f82c1030000 rw-p 00000000 00:00 0 
7f82c1030000-7f82c1056000 r-xp 00000000 08:02 7077961                    /lib/x86_64-linux-gnu/libexpat.so.1.6.0
7f82c1056000-7f82c1256000 ---p 00026000 08:02 7077961                    /lib/x86_64-linux-gnu/libexpat.so.1.6.0
7f82c1256000-7f82c1258000 r--p 00026000 08:02 7077961                    /lib/x86_64-linux-gnu/libexpat.so.1.6.0
7f82c1258000-7f82c1259000 rw-p 00028000 08:02 7077961                    /lib/x86_64-linux-gnu/libexpat.so.1.6.0
7f82c1259000-7f82c1261000 r-xp 00000000 08:02 12976455                   /usr/lib/x86_64-linux-gnu/libthai.so.0.2.4
7f82c1261000-7f82c1460000 ---p 00008000 08:02 12976455                   /usr/lib/x86_64-linux-gnu/libthai.so.0.2.4
7f82c1460000-7f82c1461000 r--p 00007000 08:02 12976455                   /usr/lib/x86_64-linux-gnu/libthai.so.0.2.4
7f82c1461000-7f82c1462000 rw-p 00008000 08:02 12976455                   /usr/lib/x86_64-linux-gnu/libthai.so.0.2.4
7f82c1462000-7f82c14be000 r-xp 00000000 08:02 12978426                   /usr/lib/x86_64-linux-gnu/libharfbuzz.so.0.10000.1
7f82c14be000-7f82c16be000 ---p 0005c000 08:02 12978426                   /usr/lib/x86_64-linux-gnu/libharfbuzz.so.0.10000.1
7f82c16be000-7f82c16bf000 r--p 0005c000 08:02 12978426                   /usr/lib/x86_64-linux-gnu/libharfbuzz.so.0.10000.1
7f82c16bf000-7f82c16c0000 rw-p 0005d000 08:02 12978426                   /usr/lib/x86_64-linux-gnu/libharfbuzz.so.0.10000.1
7f82c16c0000-7f82c170a000 r-xp 00000000 08:02 7078723                    /lib/x86_64-linux-gnu/libdbus-1.so.3.14.6
7f82c170a000-7f82c190a000 ---p 0004a000 08:02 7078723                    /lib/x86_64-linux-gnu/libdbus-1.so.3.14.6
7f82c190a000-7f82c190b000 r--p 0004a000 08:02 7078723                    /lib/x86_64-linux-gnu/libdbus-1.so.3.14.6
7f82c190b000-7f82c190c000 rw-p 0004b000 08:02 7078723                    /lib/x86_64-linux-gnu/libdbus-1.so.3.14.6
7f82c190c000-7f82c1938000 r-xp 00000000 08:02 12977093                   /usr/lib/x86_64-linux-gnu/libatspi.so.0.0.1
7f82c1938000-7f82c1b37000 ---p 0002c000 08:02 12977093                   /usr/lib/x86_64-linux-gnu/libatspi.so.0.0.1
7f82c1b37000-7f82c1b3a000 r--p 0002b000 08:02 12977093                   /usr/lib/x86_64-linux-gnu/libatspi.so.0.0.1
7f82c1b3a000-7f82c1b3b000 rw-p 0002e000 08:02 12977093                   /usr/lib/x86_64-linux-gnu/libatspi.so.0.0.1
7f82c1b3b000-7f82c1b54000 r-xp 00000000 08:02 7078746                    /lib/x86_64-linux-gnu/libz.so.1.2.8
7f82c1b54000-7f82c1d53000 ---p 00019000 08:02 7078746                    /lib/x86_64-linux-gnu/libz.so.1.2.8
7f82c1d53000-7f82c1d54000 r--p 00018000 08:02 7078746                    /lib/x86_64-linux-gnu/libz.so.1.2.8
7f82c1d54000-7f82c1d55000 rw-p 00019000 08:02 7078746                    /lib/x86_64-linux-gnu/libz.so.1.2.8
7f82c1d55000-7f82c1d5e000 r-xp 00000000 08:02 12985549                   /usr/lib/x86_64-linux-gnu/libXrender.so.1.3.0
7f82c1d5e000-7f82c1f5d000 ---p 00009000 08:02 12985549                   /usr/lib/x86_64-linux-gnu/libXrender.so.1.3.0
7f82c1f5d000-7f82c1f5e000 r--p 00008000 08:02 12985549                   /usr/lib/x86_64-linux-gnu/libXrender.so.1.3.0
7f82c1f5e000-7f82c1f5f000 rw-p 00009000 08:02 12985549                   /usr/lib/x86_64-linux-gnu/libXrender.so.1.3.0
7f82c1f5f000-7f82c1f67000 r-xp 00000000 08:02 12984560                   /usr/lib/x86_64-linux-gnu/libxcb-render.so.0.0.0
7f82c1f67000-7f82c2167000 ---p 00008000 08:02 12984560                   /usr/lib/x86_64-linux-gnu/libxcb-render.so.0.0.0
7f82c2167000-7f82c2168000 r--p 00008000 08:02 12984560                   /usr/lib/x86_64-linux-gnu/libxcb-render.so.0.0.0
7f82c2168000-7f82c2169000 rw-p 00009000 08:02 12984560                   /usr/lib/x86_64-linux-gnu/libxcb-render.so.0.0.0
7f82c2169000-7f82c216b000 r-xp 00000000 08:02 12984601                   /usr/lib/x86_64-linux-gnu/libxcb-shm.so.0.0.0
7f82c216b000-7f82c236b000 ---p 00002000 08:02 12984601                   /usr/lib/x86_64-linux-gnu/libxcb-shm.so.0.0.0
7f82c236b000-7f82c236c000 r--p 00002000 08:02 12984601                   /usr/lib/x86_64-linux-gnu/libxcb-shm.so.0.0.0
7f82c236c000-7f82c236d000 rw-p 00003000 08:02 12984601                   /usr/lib/x86_64-linux-gnu/libxcb-shm.so.0.0.0
7f82c236d000-7f82c2391000 r-xp 00000000 08:02 7077903                    /lib/x86_64-linux-gnu/libpng12.so.0.54.0
7f82c2391000-7f82c2590000 ---p 00024000 08:02 7077903                    /lib/x86_64-linux-gnu/libpng12.so.0.54.0
7f82c2590000-7f82c2591000 r--p 00023000 08:02 7077903                    /lib/x86_64-linux-gnu/libpng12.so.0.54.0
7f82c2591000-7f82c2592000 rw-p 00024000 08:02 7077903                    /lib/x86_64-linux-gnu/libpng12.so.0.54.0
7f82c2592000-7f82c2631000 r-xp 00000000 08:02 12976716                   /usr/lib/x86_64-linux-gnu/libpixman-1.so.0.33.6
7f82c2631000-7f82c2831000 ---p 0009f000 08:02 12976716                   /usr/lib/x86_64-linux-gnu/libpixman-1.so.0.33.6
7f82c2831000-7f82c2839000 r--p 0009f000 08:02 12976716                   /usr/lib/x86_64-linux-gnu/libpixman-1.so.0.33.6
7f82c2839000-7f82c283a000 rw-p 000a7000 08:02 12976716                   /usr/lib/x86_64-linux-gnu/libpixman-1.so.0.33.6
7f82c283a000-7f82c285b000 r-xp 00000000 08:02 12983957                   /usr/lib/x86_64-linux-gnu/libxcb.so.1.1.0
7f82c285b000-7f82c2a5a000 ---p 00021000 08:02 12983957                   /usr/lib/x86_64-linux-gnu/libxcb.so.1.1.0
7f82c2a5a000-7f82c2a5b000 r--p 00020000 08:02 12983957                   /usr/lib/x86_64-linux-gnu/libxcb.so.1.1.0
7f82c2a5b000-7f82c2a5c000 rw-p 00021000 08:02 12983957                   /usr/lib/x86_64-linux-gnu/libxcb.so.1.1.0
7f82c2a5c000-7f82c2b00000 r-xp 00000000 08:02 12976225                   /usr/lib/x86_64-linux-gnu/libfreetype.so.6.12.1
7f82c2b00000-7f82c2cff000 ---p 000a4000 08:02 12976225                   /usr/lib/x86_64-linux-gnu/libfreetype.so.6.12.1
7f82c2cff000-7f82c2d05000 r--p 000a3000 08:02 12976225                   /usr/lib/x86_64-linux-gnu/libfreetype.so.6.12.1
7f82c2d05000-7f82c2d06000 rw-p 000a9000 08:02 12976225                   /usr/lib/x86_64-linux-gnu/libfreetype.so.6.12.1
7f82c2d06000-7f82c2d17000 r-xp 00000000 08:02 12984377                   /usr/lib/x86_64-linux-gnu/libXext.so.6.4.0
7f82c2d17000-7f82c2f16000 ---p 00011000 08:02 12984377                   /usr/lib/x86_64-linux-gnu/libXext.so.6.4.0
7f82c2f16000-7f82c2f17000 r--p 00010000 08:02 12984377                   /usr/lib/x86_64-linux-gnu/libXext.so.6.4.0
7f82c2f17000-7f82c2f18000 rw-p 00011000 08:02 12984377                   /usr/lib/x86_64-linux-gnu/libXext.so.6.4.0
7f82c2f18000-7f82c2f93000 r-xp 00000000 08:02 12985986                   /usr/lib/x86_64-linux-gnu/libmirclient.so.9
7f82c2f93000-7f82c3193000 ---p 0007b000 08:02 12985986                   /usr/lib/x86_64-linux-gnu/libmirclient.so.9
7f82c3193000-7f82c3198000 r--p 0007b000 08:02 12985986                   /usr/lib/x86_64-linux-gnu/libmirclient.so.9
7f82c3198000-7f82c3199000 rw-p 00080000 08:02 12985986                   /usr/lib/x86_64-linux-gnu/libmirclient.so.9
7f82c3199000-7f82c31a5000 r-xp 00000000 08:02 12981401                   /usr/lib/x86_64-linux-gnu/libwayland-client.so.0.3.0
7f82c31a5000-7f82c33a4000 ---p 0000c000 08:02 12981401                   /usr/lib/x86_64-linux-gnu/libwayland-client.so.0.3.0
7f82c33a4000-7f82c33a6000 r--p 0000b000 08:02 12981401                   /usr/lib/x86_64-linux-gnu/libwayland-client.so.0.3.0
7f82c33a6000-7f82c33a7000 rw-p 0000d000 08:02 12981401                   /usr/lib/x86_64-linux-gnu/libwayland-client.so.0.3.0
7f82c33a7000-7f82c33a8000 r-xp 00000000 08:02 12976374                   /usr/lib/x86_64-linux-gnu/libwayland-egl.so.1.0.0
7f82c33a8000-7f82c35a7000 ---p 00001000 08:02 12976374                   /usr/lib/x86_64-linux-gnu/libwayland-egl.so.1.0.0
7f82c35a7000-7f82c35a8000 r--p 00000000 08:02 12976374                   /usr/lib/x86_64-linux-gnu/libwayland-egl.so.1.0.0
7f82c35a8000-7f82c35a9000 rw-p 00001000 08:02 12976374                   /usr/lib/x86_64-linux-gnu/libwayland-egl.so.1.0.0
7f82c35a9000-7f82c35ad000 r-xp 00000000 08:02 12985553                   /usr/lib/x86_64-linux-gnu/libwayland-cursor.so.0.0.0
7f82c35ad000-7f82c37ac000 ---p 00004000 08:02 12985553                   /usr/lib/x86_64-linux-gnu/libwayland-cursor.so.0.0.0
7f82c37ac000-7f82c37ad000 r--p 00003000 08:02 12985553                   /usr/lib/x86_64-linux-gnu/libwayland-cursor.so.0.0.0
7f82c37ad000-7f82c37b1000 rw-p 00004000 08:02 12985553                   /usr/lib/x86_64-linux-gnu/libwayland-cursor.so.0.0.0
7f82c37b1000-7f82c37ee000 r-xp 00000000 08:02 12979988                   /usr/lib/x86_64-linux-gnu/libxkbcommon.so.0.0.0
7f82c37ee000-7f82c39ed000 ---p 0003d000 08:02 12979988                   /usr/lib/x86_64-linux-gnu/libxkbcommon.so.0.0.0
7f82c39ed000-7f82c39ef000 r--p 0003c000 08:02 12979988                   /usr/lib/x86_64-linux-gnu/libxkbcommon.so.0.0.0
7f82c39ef000-7f82c39f0000 rw-p 0003e000 08:02 12979988                   /usr/lib/x86_64-linux-gnu/libxkbcommon.so.0.0.0
7f82c39f0000-7f82c39f2000 r-xp 00000000 08:02 12984373                   /usr/lib/x86_64-linux-gnu/libXdamage.so.1.1.0
7f82c39f2000-7f82c3bf1000 ---p 00002000 08:02 12984373                   /usr/lib/x86_64-linux-gnu/libXdamage.so.1.1.0
7f82c3bf1000-7f82c3bf2000 r--p 00001000 08:02 12984373                   /usr/lib/x86_64-linux-gnu/libXdamage.so.1.1.0
7f82c3bf2000-7f82c3bf3000 rw-p 00002000 08:02 12984373                   /usr/lib/x86_64-linux-gnu/libXdamage.so.1.1.0
7f82c3bf3000-7f82c3bf5000 r-xp 00000000 08:02 12984369                   /usr/lib/x86_64-linux-gnu/libXcomposite.so.1.0.0
7f82c3bf5000-7f82c3df4000 ---p 00002000 08:02 12984369                   /usr/lib/x86_64-linux-gnu/libXcomposite.so.1.0.0
7f82c3df4000-7f82c3df5000 r--p 00001000 08:02 12984369                   /usr/lib/x86_64-linux-gnu/libXcomposite.so.1.0.0
7f82c3df5000-7f82c3df6000 rw-p 00002000 08:02 12984369                   /usr/lib/x86_64-linux-gnu/libXcomposite.so.1.0.0
7f82c3df6000-7f82c3dff000 r-xp 00000000 08:02 12984371                   /usr/lib/x86_64-linux-gnu/libXcursor.so.1.0.2
7f82c3dff000-7f82c3ffe000 ---p 00009000 08:02 12984371                   /usr/lib/x86_64-linux-gnu/libXcursor.so.1.0.2
7f82c3ffe000-7f82c3fff000 r--p 00008000 08:02 12984371                   /usr/lib/x86_64-linux-gnu/libXcursor.so.1.0.2
7f82c3fff000-7f82c4000000 rw-p 00009000 08:02 12984371                   /usr/lib/x86_64-linux-gnu/libXcursor.so.1.0.2
7f82c4000000-7f82c45f8000 rw-p 00000000 00:00 0 
7f82c45f8000-7f82c8000000 ---p 00000000 00:00 0 
7f82c800f000-7f82c808f000 rw-s 3d38b8000 00:06 516                       /dev/nvidiactl
7f82c808f000-7f82c8193000 rw-s 4497b8000 00:06 516                       /dev/nvidiactl
7f82c8193000-7f82c819d000 r-xp 00000000 08:02 12976650                   /usr/lib/x86_64-linux-gnu/libXrandr.so.2.2.0
7f82c819d000-7f82c839c000 ---p 0000a000 08:02 12976650                   /usr/lib/x86_64-linux-gnu/libXrandr.so.2.2.0
7f82c839c000-7f82c839d000 r--p 00009000 08:02 12976650                   /usr/lib/x86_64-linux-gnu/libXrandr.so.2.2.0
7f82c839d000-7f82c839e000 rw-p 0000a000 08:02 12976650                   /usr/lib/x86_64-linux-gnu/libXrandr.so.2.2.0
7f82c839e000-7f82c83a0000 r-xp 00000000 08:02 12984387                   /usr/lib/x86_64-linux-gnu/libXinerama.so.1.0.0
7f82c83a0000-7f82c859f000 ---p 00002000 08:02 12984387                   /usr/lib/x86_64-linux-gnu/libXinerama.so.1.0.0
7f82c859f000-7f82c85a0000 r--p 00001000 08:02 12984387                   /usr/lib/x86_64-linux-gnu/libXinerama.so.1.0.0
7f82c85a0000-7f82c85a1000 rw-p 00002000 08:02 12984387                   /usr/lib/x86_64-linux-gnu/libXinerama.so.1.0.0
7f82c85a1000-7f82c86b0000 r-xp 00000000 08:02 7084837                    /lib/x86_64-linux-gnu/libglib-2.0.so.0.4800.1
7f82c86b0000-7f82c88af000 ---p 0010f000 08:02 7084837                    /lib/x86_64-linux-gnu/libglib-2.0.so.0.4800.1
7f82c88af000-7f82c88b0000 r--p 0010e000 08:02 7084837                    /lib/x86_64-linux-gnu/libglib-2.0.so.0.4800.1
7f82c88b0000-7f82c88b1000 rw-p 0010f000 08:02 7084837                    /lib/x86_64-linux-gnu/libglib-2.0.so.0.4800.1
7f82c88b1000-7f82c88b2000 rw-p 00000000 00:00 0 
7f82c88b2000-7f82c8904000 r-xp 00000000 08:02 12981925                   /usr/lib/x86_64-linux-gnu/libgobject-2.0.so.0.4800.1
7f82c8904000-7f82c8b03000 ---p 00052000 08:02 12981925                   /usr/lib/x86_64-linux-gnu/libgobject-2.0.so.0.4800.1
7f82c8b03000-7f82c8b04000 r--p 00051000 08:02 12981925                   /usr/lib/x86_64-linux-gnu/libgobject-2.0.so.0.4800.1
7f82c8b04000-7f82c8b05000 rw-p 00052000 08:02 12981925                   /usr/lib/x86_64-linux-gnu/libgobject-2.0.so.0.4800.1
7f82c8b05000-7f82c8c85000 r-xp 00000000 08:02 12981791                   /usr/lib/x86_64-linux-gnu/libgio-2.0.so.0.4800.1
7f82c8c85000-7f82c8e85000 ---p 00180000 08:02 12981791                   /usr/lib/x86_64-linux-gnu/libgio-2.0.so.0.4800.1
7f82c8e85000-7f82c8e89000 r--p 00180000 08:02 12981791                   /usr/lib/x86_64-linux-gnu/libgio-2.0.so.0.4800.1
7f82c8e89000-7f82c8e8b000 rw-p 00184000 08:02 12981791                   /usr/lib/x86_64-linux-gnu/libgio-2.0.so.0.4800.1
7f82c8e8b000-7f82c8e8d000 rw-p 00000000 00:00 0 
7f82c8e8d000-7f82c8eca000 r-xp 00000000 08:02 13018208                   /usr/lib/x86_64-linux-gnu/libfontconfig.so.1.9.0
7f82c8eca000-7f82c90c9000 ---p 0003d000 08:02 13018208                   /usr/lib/x86_64-linux-gnu/libfontconfig.so.1.9.0
7f82c90c9000-7f82c90cb000 r--p 0003c000 08:02 13018208                   /usr/lib/x86_64-linux-gnu/libfontconfig.so.1.9.0
7f82c90cb000-7f82c90d0000 rw-p 0003e000 08:02 13018208                   /usr/lib/x86_64-linux-gnu/libfontconfig.so.1.9.0
7f82c90d0000-7f82c9119000 r-xp 00000000 08:02 12977717                   /usr/lib/x86_64-linux-gnu/libpango-1.0.so.0.3800.1
7f82c9119000-7f82c9319000 ---p 00049000 08:02 12977717                   /usr/lib/x86_64-linux-gnu/libpango-1.0.so.0.3800.1
7f82c9319000-7f82c931b000 r--p 00049000 08:02 12977717                   /usr/lib/x86_64-linux-gnu/libpango-1.0.so.0.3800.1
7f82c931b000-7f82c931c000 rw-p 0004b000 08:02 12977717                   /usr/lib/x86_64-linux-gnu/libpango-1.0.so.0.3800.1
7f82c931c000-7f82c9330000 r-xp 00000000 08:02 12976803                   /usr/lib/x86_64-linux-gnu/libpangoft2-1.0.so.0.3800.1
7f82c9330000-7f82c9530000 ---p 00014000 08:02 12976803                   /usr/lib/x86_64-linux-gnu/libpangoft2-1.0.so.0.3800.1
7f82c9530000-7f82c9531000 r--p 00014000 08:02 12976803                   /usr/lib/x86_64-linux-gnu/libpangoft2-1.0.so.0.3800.1
7f82c9531000-7f82c9532000 rw-p 00015000 08:02 12976803                   /usr/lib/x86_64-linux-gnu/libpangoft2-1.0.so.0.3800.1
7f82c9532000-7f82c9619000 r-xp 00000000 08:02 12981492                   /usr/lib/x86_64-linux-gnu/libepoxy.so.0.0.0
7f82c9619000-7f82c9819000 ---p 000e7000 08:02 12981492                   /usr/lib/x86_64-linux-gnu/libepoxy.so.0.0.0
7f82c9819000-7f82c9820000 r--p 000e7000 08:02 12981492                   /usr/lib/x86_64-linux-gnu/libepoxy.so.0.0.0
7f82c9820000-7f82c9827000 rw-p 000ee000 08:02 12981492                   /usr/lib/x86_64-linux-gnu/libepoxy.so.0.0.0
7f82c9827000-7f82c9854000 r-xp 00000000 08:02 12978495                   /usr/lib/x86_64-linux-gnu/libatk-bridge-2.0.so.0.0.0
7f82c9854000-7f82c9a53000 ---p 0002d000 08:02 12978495                   /usr/lib/x86_64-linux-gnu/libatk-bridge-2.0.so.0.0.0
7f82c9a53000-7f82c9a54000 r--p 0002c000 08:02 12978495                   /usr/lib/x86_64-linux-gnu/libatk-bridge-2.0.so.0.0.0
7f82c9a54000-7f82c9a56000 rw-p 0002d000 08:02 12978495                   /usr/lib/x86_64-linux-gnu/libatk-bridge-2.0.so.0.0.0
7f82c9a56000-7f82c9a78000 r-xp 00000000 08:02 12985987                   /usr/lib/x86_64-linux-gnu/libatk-1.0.so.0.21809.1
7f82c9a78000-7f82c9c77000 ---p 00022000 08:02 12985987                   /usr/lib/x86_64-linux-gnu/libatk-1.0.so.0.21809.1
7f82c9c77000-7f82c9c7a000 r--p 00021000 08:02 12985987                   /usr/lib/x86_64-linux-gnu/libatk-1.0.so.0.21809.1
7f82c9c7a000-7f82c9c7b000 rw-p 00024000 08:02 12985987                   /usr/lib/x86_64-linux-gnu/libatk-1.0.so.0.21809.1
7f82c9c7b000-7f82c9c9c000 r-xp 00000000 08:02 12976492                   /usr/lib/x86_64-linux-gnu/libgdk_pixbuf-2.0.so.0.3200.2
7f82c9c9c000-7f82c9e9b000 ---p 00021000 08:02 12976492                   /usr/lib/x86_64-linux-gnu/libgdk_pixbuf-2.0.so.0.3200.2
7f82c9e9b000-7f82c9e9c000 r--p 00020000 08:02 12976492                   /usr/lib/x86_64-linux-gnu/libgdk_pixbuf-2.0.so.0.3200.2
7f82c9e9c000-7f82c9e9d000 rw-p 00021000 08:02 12976492                   /usr/lib/x86_64-linux-gnu/libgdk_pixbuf-2.0.so.0.3200.2
7f82c9e9d000-7f82c9fab000 r-xp 00000000 08:02 12980429                   /usr/lib/x86_64-linux-gnu/libcairo.so.2.11400.6
7f82c9fab000-7f82ca1ab000 ---p 0010e000 08:02 12980429                   /usr/lib/x86_64-linux-gnu/libcairo.so.2.11400.6
7f82ca1ab000-7f82ca1ae000 r--p 0010e000 08:02 12980429                   /usr/lib/x86_64-linux-gnu/libcairo.so.2.11400.6
7f82ca1ae000-7f82ca1af000 rw-p 00111000 08:02 12980429                   /usr/lib/x86_64-linux-gnu/libcairo.so.2.11400.6
7f82ca1af000-7f82ca1b1000 rw-p 00000000 00:00 0 
7f82ca1b1000-7f82ca1b7000 r-xp 00000000 08:02 12984898                   /usr/lib/x86_64-linux-gnu/libcairo-gobject.so.2.11400.6
7f82ca1b7000-7f82ca3b7000 ---p 00006000 08:02 12984898                   /usr/lib/x86_64-linux-gnu/libcairo-gobject.so.2.11400.6
7f82ca3b7000-7f82ca3b9000 r--p 00006000 08:02 12984898                   /usr/lib/x86_64-linux-gnu/libcairo-gobject.so.2.11400.6
7f82ca3b9000-7f82ca3ba000 rw-p 00008000 08:02 12984898                   /usr/lib/x86_64-linux-gnu/libcairo-gobject.so.2.11400.6
7f82ca3ba000-7f82ca3bf000 r-xp 00000000 08:02 12984379                   /usr/lib/x86_64-linux-gnu/libXfixes.so.3.1.0
7f82ca3bf000-7f82ca5be000 ---p 00005000 08:02 12984379                   /usr/lib/x86_64-linux-gnu/libXfixes.so.3.1.0
7f82ca5be000-7f82ca5bf000 r--p 00004000 08:02 12984379                   /usr/lib/x86_64-linux-gnu/libXfixes.so.3.1.0
7f82ca5bf000-7f82ca5c0000 rw-p 00005000 08:02 12984379                   /usr/lib/x86_64-linux-gnu/libXfixes.so.3.1.0
7f82ca5c0000-7f82ca5cf000 r-xp 00000000 08:02 12983410                   /usr/lib/x86_64-linux-gnu/libXi.so.6.1.0
7f82ca5cf000-7f82ca7ce000 ---p 0000f000 08:02 12983410                   /usr/lib/x86_64-linux-gnu/libXi.so.6.1.0
7f82ca7ce000-7f82ca7cf000 r--p 0000e000 08:02 12983410                   /usr/lib/x86_64-linux-gnu/libXi.so.6.1.0
7f82ca7cf000-7f82ca7d0000 rw-p 0000f000 08:02 12983410                   /usr/lib/x86_64-linux-gnu/libXi.so.6.1.0
7f82ca7d0000-7f82ca905000 r-xp 00000000 08:02 12981501                   /usr/lib/x86_64-linux-gnu/libX11.so.6.3.0
7f82ca905000-7f82cab05000 ---p 00135000 08:02 12981501                   /usr/lib/x86_64-linux-gnu/libX11.so.6.3.0
7f82cab05000-7f82cab06000 r--p 00135000 08:02 12981501                   /usr/lib/x86_64-linux-gnu/libX11.so.6.3.0
7f82cab06000-7f82cab0a000 rw-p 00136000 08:02 12981501                   /usr/lib/x86_64-linux-gnu/libX11.so.6.3.0
7f82cab0a000-7f82cab16000 r-xp 00000000 08:02 12976335                   /usr/lib/x86_64-linux-gnu/libpangocairo-1.0.so.0.3800.1
7f82cab16000-7f82cad15000 ---p 0000c000 08:02 12976335                   /usr/lib/x86_64-linux-gnu/libpangocairo-1.0.so.0.3800.1
7f82cad15000-7f82cad16000 r--p 0000b000 08:02 12976335                   /usr/lib/x86_64-linux-gnu/libpangocairo-1.0.so.0.3800.1
7f82cad16000-7f82cad17000 rw-p 0000c000 08:02 12976335                   /usr/lib/x86_64-linux-gnu/libpangocairo-1.0.so.0.3800.1
7f82cad17000-7f82cad1a000 r-xp 00000000 08:02 12981658                   /usr/lib/x86_64-linux-gnu/libgmodule-2.0.so.0.4800.1
7f82cad1a000-7f82caf19000 ---p 00003000 08:02 12981658                   /usr/lib/x86_64-linux-gnu/libgmodule-2.0.so.0.4800.1
7f82caf19000-7f82caf1a000 r--p 00002000 08:02 12981658                   /usr/lib/x86_64-linux-gnu/libgmodule-2.0.so.0.4800.1
7f82caf1a000-7f82caf1b000 rw-p 00003000 08:02 12981658                   /usr/lib/x86_64-linux-gnu/libgmodule-2.0.so.0.4800.1
7f82caf1b000-7f82cafef000 r-xp 00000000 08:02 12985996                   /usr/lib/x86_64-linux-gnu/libgdk-3.so.0.1800.9
7f82cafef000-7f82cb1ee000 ---p 000d4000 08:02 12985996                   /usr/lib/x86_64-linux-gnu/libgdk-3.so.0.1800.9
7f82cb1ee000-7f82cb1f3000 r--p 000d3000 08:02 12985996                   /usr/lib/x86_64-linux-gnu/libgdk-3.so.0.1800.9
7f82cb1f3000-7f82cb1f6000 rw-p 000d8000 08:02 12985996                   /usr/lib/x86_64-linux-gnu/libgdk-3.so.0.1800.9
7f82cb1f6000-7f82cb20c000 r-xp 00000000 08:02 7078698                    /lib/x86_64-linux-gnu/libgcc_s.so.1
7f82cb20c000-7f82cb40b000 ---p 00016000 08:02 7078698                    /lib/x86_64-linux-gnu/libgcc_s.so.1
7f82cb40b000-7f82cb40c000 rw-p 00015000 08:02 7078698                    /lib/x86_64-linux-gnu/libgcc_s.so.1
7f82cb40c000-7f82cbb26000 r-xp 00000000 08:02 12985283                   /usr/lib/x86_64-linux-gnu/libgtk-3.so.0.1800.9
7f82cbb26000-7f82cbd26000 ---p 0071a000 08:02 12985283                   /usr/lib/x86_64-linux-gnu/libgtk-3.so.0.1800.9
7f82cbd26000-7f82cbd30000 r--p 0071a000 08:02 12985283                   /usr/lib/x86_64-linux-gnu/libgtk-3.so.0.1800.9
7f82cbd30000-7f82cbd36000 rw-p 00724000 08:02 12985283                   /usr/lib/x86_64-linux-gnu/libgtk-3.so.0.1800.9
7f82cbd36000-7f82cbd3b000 rw-p 00000000 00:00 0 
7f82cbd3b000-7f82cbdfe000 r-xp 00000000 08:02 8406657                    /home/jojolepro/Prog/B2LScala/native/liblwjgl.so
7f82cbdfe000-7f82cbffe000 ---p 000c3000 08:02 8406657                    /home/jojolepro/Prog/B2LScala/native/liblwjgl.so
7f82cbffe000-7f82cc000000 rw-p 000c3000 08:02 8406657                    /home/jojolepro/Prog/B2LScala/native/liblwjgl.so
7f82cc000000-7f82cc021000 rw-p 00000000 00:00 0 
7f82cc021000-7f82d0000000 ---p 00000000 00:00 0 
7f82d0000000-7f82d0021000 rw-p 00000000 00:00 0 
7f82d0021000-7f82d4000000 ---p 00000000 00:00 0 
7f82d4000000-7f82d4021000 rw-p 00000000 00:00 0 
7f82d4021000-7f82d8000000 ---p 00000000 00:00 0 
7f82d8000000-7f82d8021000 rw-p 00000000 00:00 0 
7f82d8021000-7f82dc000000 ---p 00000000 00:00 0 
7f82dc000000-7f82dc021000 rw-p 00000000 00:00 0 
7f82dc021000-7f82e0000000 ---p 00000000 00:00 0 
7f82e0000000-7f82e0021000 rw-p 00000000 00:00 0 
7f82e0021000-7f82e4000000 ---p 00000000 00:00 0 
7f82e4000000-7f82e4307000 rw-p 00000000 00:00 0 
7f82e4307000-7f82e8000000 ---p 00000000 00:00 0 
7f82e8000000-7f82e8021000 rw-p 00000000 00:00 0 
7f82e8021000-7f82ec000000 ---p 00000000 00:00 0 
7f82ec000000-7f82ec27a000 rw-p 00000000 00:00 0 
7f82ec27a000-7f82f0000000 ---p 00000000 00:00 0 
7f82f0000000-7f82f023f000 rw-p 00000000 00:00 0 
7f82f023f000-7f82f4000000 ---p 00000000 00:00 0 
7f82f4000000-7f82f4021000 rw-p 00000000 00:00 0 
7f82f4021000-7f82f8000000 ---p 00000000 00:00 0 
7f82f8000000-7f82f824e000 rw-p 00000000 00:00 0 
7f82f824e000-7f82fc000000 ---p 00000000 00:00 0 
7f82fc000000-7f82fc021000 rw-p 00000000 00:00 0 
7f82fc021000-7f8300000000 ---p 00000000 00:00 0 
7f8300000000-7f8300021000 rw-p 00000000 00:00 0 
7f8300021000-7f8304000000 ---p 00000000 00:00 0 
7f8304000000-7f8304021000 rw-p 00000000 00:00 0 
7f8304021000-7f8308000000 ---p 00000000 00:00 0 
7f8308010000-7f8308050000 r-xs 00000000 08:02 7624689                    /home/jojolepro/.glvnd5RT9Ae (deleted)
7f8308050000-7f8308051000 rwxp 00000000 00:00 0 
7f8308051000-7f8308053000 rw-s 00000000 08:02 2359401                    /tmp/.gl0L4uWH (deleted)
7f8308053000-7f8308066000 rw-s 3dafd4000 00:06 516                       /dev/nvidiactl
7f8308066000-7f8308086000 rw-s a0140000 00:06 517                        /dev/nvidia0
7f8308086000-7f8308087000 rw-s 311393000 00:06 516                       /dev/nvidiactl
7f8308087000-7f830808b000 rw-s 3dae34000 00:06 516                       /dev/nvidiactl
7f830808b000-7f83080cb000 rw-s 3daef4000 00:06 516                       /dev/nvidiactl
7f83080cb000-7f830814b000 r-xp 00000000 08:02 7077993                    /lib/x86_64-linux-gnu/libsystemd.so.0.14.0
7f830814b000-7f830814e000 r--p 0007f000 08:02 7077993                    /lib/x86_64-linux-gnu/libsystemd.so.0.14.0
7f830814e000-7f830814f000 rw-p 00082000 08:02 7077993                    /lib/x86_64-linux-gnu/libsystemd.so.0.14.0
7f830814f000-7f8310000000 rw-p 00000000 00:00 0 
7f8310000000-7f8310021000 rw-p 00000000 00:00 0 
7f8310021000-7f8314000000 ---p 00000000 00:00 0 
7f8314000000-7f8314021000 rw-p 00000000 00:00 0 
7f8314021000-7f8318000000 ---p 00000000 00:00 0 
7f8318000000-7f8318021000 rw-p 00000000 00:00 0 
7f8318021000-7f831c000000 ---p 00000000 00:00 0 
7f831c000000-7f831c001000 rw-s afee5000 00:06 517                        /dev/nvidia0
7f831c001000-7f831c021000 rw-s 4491c5000 00:06 516                       /dev/nvidiactl
7f831c021000-7f831c022000 rw-s afee5000 00:06 517                        /dev/nvidia0
7f831c022000-7f831c062000 rw-s 3e6fda000 00:06 516                       /dev/nvidiactl
7f831c062000-7f831c082000 rw-s 37de7e000 00:06 516                       /dev/nvidiactl
7f831c082000-7f831c083000 rw-s 3dbe35000 00:06 516                       /dev/nvidiactl
7f831c083000-7f831c084000 rw-s d0060000 00:06 517                        /dev/nvidia0
7f831c084000-7f831c08b000 r--s 00000000 08:02 13267277                   /usr/lib/x86_64-linux-gnu/gconv/gconv-modules.cache
7f831c08b000-7f831c08c000 rwxp 00000000 00:00 0 
7f831c08c000-7f831c090000 r--s 00097000 08:02 13767241                   /usr/lib/jvm/java-8-oracle/jre/lib/jsse.jar
7f831c090000-7f831c093000 ---p 00000000 00:00 0 
7f831c093000-7f831c191000 rw-p 00000000 00:00 0 
7f831c191000-7f831c194000 ---p 00000000 00:00 0 
7f831c194000-7f831c292000 rw-p 00000000 00:00 0 
7f831c292000-7f831c295000 ---p 00000000 00:00 0 
7f831c295000-7f831c393000 rw-p 00000000 00:00 0 
7f831c393000-7f831c396000 ---p 00000000 00:00 0 
7f831c396000-7f831c694000 rw-p 00000000 00:00 0 
7f831c694000-7f831c697000 ---p 00000000 00:00 0 
7f831c697000-7f831ca96000 rw-p 00000000 00:00 0 
7f831ca96000-7f831caac000 r-xp 00000000 08:02 13767397                   /usr/lib/jvm/java-8-oracle/jre/lib/amd64/libnet.so
7f831caac000-7f831ccac000 ---p 00016000 08:02 13767397                   /usr/lib/jvm/java-8-oracle/jre/lib/amd64/libnet.so
7f831ccac000-7f831ccad000 rw-p 00016000 08:02 13767397                   /usr/lib/jvm/java-8-oracle/jre/lib/amd64/libnet.so
7f831ccad000-7f831ccb0000 ---p 00000000 00:00 0 
7f831ccb0000-7f831cdae000 rw-p 00000000 00:00 0 
7f831cdae000-7f831cdaf000 r-xp 00000000 08:02 8274416                    /home/jojolepro/Prog/idea-IC-145.597.3/bin/libbreakgen64.so
7f831cdaf000-7f831cfae000 ---p 00001000 08:02 8274416                    /home/jojolepro/Prog/idea-IC-145.597.3/bin/libbreakgen64.so
7f831cfae000-7f831cfaf000 r--p 00000000 08:02 8274416                    /home/jojolepro/Prog/idea-IC-145.597.3/bin/libbreakgen64.so
7f831cfaf000-7f831cfb0000 rw-p 00001000 08:02 8274416                    /home/jojolepro/Prog/idea-IC-145.597.3/bin/libbreakgen64.so
7f831cfb0000-7f831cfb2000 r--s 0001e000 08:02 8257572                    /home/jojolepro/Prog/idea-IC-145.597.3/lib/idea_rt.jar
7f831cfb2000-7f831cfb3000 r--s 00000000 08:02 8392359                    /home/jojolepro/Prog/B2LScala/lib/akka-persistence-shared_2.11-2.4.4.jar
7f831cfb3000-7f831cfba000 r--s 0005f000 08:02 8392246                    /home/jojolepro/Prog/B2LScala/lib/akka-multi-node-testkit_2.11-2.4.4.jar
7f831cfba000-7f831cfbb000 r--s 00000000 08:02 8396008                    /home/jojolepro/Prog/B2LScala/lib/akka-stream-tests-tck_2.11-2.4.4.jar
7f831cfbb000-7f831cfc6000 r--s 00082000 08:02 8392239                    /home/jojolepro/Prog/B2LScala/lib/akka-cluster-sharding_2.11-2.4.4.jar
7f831cfc6000-7f831cfcb000 r--s 00029000 08:02 8392372                    /home/jojolepro/Prog/B2LScala/lib/akka-persistence-tck_2.11-2.4.4.jar
7f831cfcb000-7f831cfd1000 r--s 00047000 08:02 8392238                    /home/jojolepro/Prog/B2LScala/lib/akka-cluster-metrics_2.11-2.4.4.jar
7f831cfd1000-7f831cfd4000 r--s 00016000 08:02 8395998                    /home/jojolepro/Prog/B2LScala/lib/akka-stream-testkit_2.11-2.4.4.jar
7f831cfd4000-7f831cfe0000 r--s 0008a000 08:02 8392240                    /home/jojolepro/Prog/B2LScala/lib/akka-cluster-tools_2.11-2.4.4.jar
7f831cfe0000-7f831cfe1000 r--s 00000000 08:02 8395999                    /home/jojolepro/Prog/B2LScala/lib/akka-stream-tests_2.11-2.4.4.jar
7f831cfe1000-7f831cfe2000 r--s 00000000 08:02 8394180                    /home/jojolepro/Prog/B2LScala/lib/akka-remote-tests_2.11-2.4.4.jar
7f831cfe2000-7f831cfe4000 r--s 00018000 08:02 8392243                    /home/jojolepro/Prog/B2LScala/lib/akka-http-testkit_2.11-2.4.4.jar
7f831cfe4000-7f831cff5000 r--s 000e6000 08:02 8392358                    /home/jojolepro/Prog/B2LScala/lib/akka-persistence_2.11-2.4.4.jar
7f831cff5000-7f831cff6000 r--s 00003000 08:02 8392244                    /home/jojolepro/Prog/B2LScala/lib/akka-http-tests_2.11-2.4.4.jar
7f831cff6000-7f831d02e000 r--s 002fb000 08:02 8392242                    /home/jojolepro/Prog/B2LScala/lib/akka-http-core_2.11-2.4.4.jar
7f831d02e000-7f831d035000 r--s 0004d000 08:02 8392231                    /home/jojolepro/Prog/B2LScala/lib/akka-bench-jmh_2.11-2.4.4.jar
7f831d035000-7f831d03c000 r--s 00070000 08:02 8392373                    /home/jojolepro/Prog/B2LScala/lib/akka-protobuf_2.11-2.4.4.jar
7f831d03c000-7f831d041000 r--s 0003d000 08:02 8396009                    /home/jojolepro/Prog/B2LScala/lib/akka-testkit_2.11-2.4.4.jar
7f831d041000-7f831d04e000 r--s 000e2000 08:02 8392247                    /home/jojolepro/Prog/B2LScala/lib/akka-parsing_2.11-2.4.4.jar
7f831d04e000-7f831d053000 r--s 0003a000 08:02 8392241                    /home/jojolepro/Prog/B2LScala/lib/akka-contrib_2.11-2.4.4.jar
7f831d053000-7f831d064000 r--s 000fd000 08:02 8392233                    /home/jojolepro/Prog/B2LScala/lib/akka-cluster_2.11-2.4.4.jar
7f831d064000-7f831d0ab000 r--s 003a9000 08:02 8395997                    /home/jojolepro/Prog/B2LScala/lib/akka-stream_2.11-2.4.4.jar
7f831d0ab000-7f831d0c1000 r--s 0013f000 08:02 8392374                    /home/jojolepro/Prog/B2LScala/lib/akka-remote_2.11-2.4.4.jar
7f831d0c1000-7f831d0c2000 r--s 00003000 08:02 8392245                    /home/jojolepro/Prog/B2LScala/lib/akka-kernel_2.11-2.4.4.jar
7f831d0c2000-7f831d0c6000 r--s 00042000 08:02 8392190                    /home/jojolepro/Prog/B2LScala/lib/spray-json_2.11-1.3.2.jar
7f831d0c6000-7f831d0c8000 r--s 00003000 08:02 8394181                    /home/jojolepro/Prog/B2LScala/lib/akka-slf4j_2.11-2.4.4.jar
7f831d0c8000-7f831d0cc000 r--s 00030000 08:02 8392232                    /home/jojolepro/Prog/B2LScala/lib/akka-camel_2.11-2.4.4.jar
7f831d0cc000-7f831d0ce000 r--s 00003000 08:02 8392230                    /home/jojolepro/Prog/B2LScala/lib/akka-agent_2.11-2.4.4.jar
7f831d0ce000-7f831d0fc000 r--s 002e7000 08:02 8392229                    /home/jojolepro/Prog/B2LScala/lib/akka-actor_2.11-2.4.4.jar
7f831d0fc000-7f831d100000 r--s 00017000 08:02 8399906                    /home/jojolepro/Prog/B2LScala/lib/JojoleproUtilsV0.2.3A.jar
7f831d100000-7f831d105000 r--s 0003f000 08:02 8396014                    /home/jojolepro/Prog/B2LScala/lib/config-1.3.0.jar
7f831d105000-7f831d106000 r--s 0000a000 08:02 8394159                    /home/jojolepro/Prog/B2LScala/lib/subspace.jar
7f831d106000-7f831d10f000 r--s 0007b000 08:02 8396145                    /home/jojolepro/Prog/B2LScala/lib/jbullet.jar
7f831d10f000-7f831d134000 r--s 0028a000 08:02 8406647                    /home/jojolepro/Prog/B2LScala/lib/lwjgl.jar
7f831d134000-7f831d147000 r--s 00344000 08:02 13767223                   /usr/lib/jvm/java-8-oracle/jre/lib/resources.jar
7f831d147000-7f831d15a000 r--s 000d6000 08:02 13766745                   /usr/lib/jvm/java-8-oracle/jre/lib/plugin.jar
7f831d15a000-7f831d15b000 r--s 00000000 08:02 13766727                   /usr/lib/jvm/java-8-oracle/jre/lib/management-agent.jar
7f831d15b000-7f831d15f000 r--s 00097000 08:02 13767241                   /usr/lib/jvm/java-8-oracle/jre/lib/jsse.jar
7f831d15f000-7f831d161000 r--s 00007000 08:02 13767415                   /usr/lib/jvm/java-8-oracle/jre/lib/jfxswt.jar
7f831d161000-7f831d1ad000 r--s 003e4000 08:02 7606664                    /home/jojolepro/.ivy2/cache/org.scala-lang/scala-reflect/jars/scala-reflect-2.11.4.jar
7f831d1ad000-7f831d205000 r--s 004f0000 08:02 7606662                    /home/jojolepro/.ivy2/cache/org.scala-lang/scala-library/jars/scala-library-2.11.4.jar
7f831d205000-7f831d206000 ---p 00000000 00:00 0 
7f831d206000-7f831d306000 rw-p 00000000 00:00 0 
7f831d306000-7f831d309000 ---p 00000000 00:00 0 
7f831d309000-7f831d407000 rw-p 00000000 00:00 0 
7f831d407000-7f831d40a000 ---p 00000000 00:00 0 
7f831d40a000-7f831d508000 rw-p 00000000 00:00 0 
7f831d508000-7f831d50b000 ---p 00000000 00:00 0 
7f831d50b000-7f831d609000 rw-p 00000000 00:00 0 
7f831d609000-7f831d60c000 ---p 00000000 00:00 0 
7f831d60c000-7f831d70a000 rw-p 00000000 00:00 0 
7f831d70a000-7f831d70d000 ---p 00000000 00:00 0 
7f831d70d000-7f831d80b000 rw-p 00000000 00:00 0 
7f831d80b000-7f831d80e000 ---p 00000000 00:00 0 
7f831d80e000-7f831d90c000 rw-p 00000000 00:00 0 
7f831d90c000-7f831dbe4000 r--p 00000000 08:02 12980282                   /usr/lib/locale/locale-archive
7f831dbe4000-7f831dbe7000 ---p 00000000 00:00 0 
7f831dbe7000-7f831dce5000 rw-p 00000000 00:00 0 
7f831dce5000-7f831dce8000 ---p 00000000 00:00 0 
7f831dce8000-7f831dde6000 rw-p 00000000 00:00 0 
7f831dde6000-7f831dde7000 ---p 00000000 00:00 0 
7f831dde7000-7f8320000000 rw-p 00000000 00:00 0 
7f8320000000-7f8320021000 rw-p 00000000 00:00 0 
7f8320021000-7f8324000000 ---p 00000000 00:00 0 
7f8324000000-7f8324021000 rw-p 00000000 00:00 0 
7f8324021000-7f8328000000 ---p 00000000 00:00 0 
7f8328000000-7f8328021000 rw-p 00000000 00:00 0 
7f8328021000-7f832c000000 ---p 00000000 00:00 0 
7f832c000000-7f832c021000 rw-p 00000000 00:00 0 
7f832c021000-7f8330000000 ---p 00000000 00:00 0 
7f8330000000-7f8330021000 rw-p 00000000 00:00 0 
7f8330021000-7f8334000000 ---p 00000000 00:00 0 
7f8334000000-7f833401b000 r--s 00208000 08:02 13766721                   /usr/lib/jvm/java-8-oracle/jre/lib/deploy.jar
7f833401b000-7f83342e3000 rw-p 00000000 00:00 0 
7f83342e3000-7f83344bc000 r--s 03d24000 08:02 13766950                   /usr/lib/jvm/java-8-oracle/jre/lib/rt.jar
7f83344bc000-7f8334cfd000 rw-p 00000000 00:00 0 
7f8334cfd000-7f8334cfe000 ---p 00000000 00:00 0 
7f8334cfe000-7f8334dfe000 rw-p 00000000 00:00 0 
7f8334dfe000-7f8334dff000 ---p 00000000 00:00 0 
7f8334dff000-7f8334eff000 rw-p 00000000 00:00 0 
7f8334eff000-7f8334f00000 ---p 00000000 00:00 0 
7f8334f00000-7f8335000000 rw-p 00000000 00:00 0 
7f8335000000-7f83353e0000 rwxp 00000000 00:00 0 
7f83353e0000-7f8344000000 ---p 00000000 00:00 0 
7f8344000000-7f8344679000 rw-p 00000000 00:00 0 
7f8344679000-7f8348000000 ---p 00000000 00:00 0 
7f8348000000-7f8348005000 r--s 00084000 08:02 13766720                   /usr/lib/jvm/java-8-oracle/jre/lib/jfr.jar
7f8348005000-7f834800f000 r--s 0006c000 08:02 13766730                   /usr/lib/jvm/java-8-oracle/jre/lib/javaws.jar
7f834800f000-7f83480ac000 rw-p 00000000 00:00 0 
7f83480ac000-7f83480ad000 ---p 00000000 00:00 0 
7f83480ad000-7f83481ad000 rw-p 00000000 00:00 0 
7f83481ad000-7f83481ae000 ---p 00000000 00:00 0 
7f83481ae000-7f83482ae000 rw-p 00000000 00:00 0 
7f83482ae000-7f83482af000 ---p 00000000 00:00 0 
7f83482af000-7f83483af000 rw-p 00000000 00:00 0 
7f83483af000-7f83483b0000 ---p 00000000 00:00 0 
7f83483b0000-7f83484b0000 rw-p 00000000 00:00 0 
7f83484b0000-7f83484b1000 ---p 00000000 00:00 0 
7f83484b1000-7f8348605000 rw-p 00000000 00:00 0 
7f8348605000-7f8348ae3000 ---p 00000000 00:00 0 
7f8348ae3000-7f8348b37000 rw-p 00000000 00:00 0 
7f8348b37000-7f8349015000 ---p 00000000 00:00 0 
7f8349015000-7f834903f000 rw-p 00000000 00:00 0 
7f834903f000-7f83492ae000 ---p 00000000 00:00 0 
7f83492ae000-7f83492bf000 rw-p 00000000 00:00 0 
7f83492bf000-7f834966f000 ---p 00000000 00:00 0 
7f834966f000-7f8349689000 r-xp 00000000 08:02 13767393                   /usr/lib/jvm/java-8-oracle/jre/lib/amd64/libzip.so
7f8349689000-7f8349889000 ---p 0001a000 08:02 13767393                   /usr/lib/jvm/java-8-oracle/jre/lib/amd64/libzip.so
7f8349889000-7f834988a000 rw-p 0001a000 08:02 13767393                   /usr/lib/jvm/java-8-oracle/jre/lib/amd64/libzip.so
7f834988a000-7f8349895000 r-xp 00000000 08:02 7082133                    /lib/x86_64-linux-gnu/libnss_files-2.23.so
7f8349895000-7f8349a94000 ---p 0000b000 08:02 7082133                    /lib/x86_64-linux-gnu/libnss_files-2.23.so
7f8349a94000-7f8349a95000 r--p 0000a000 08:02 7082133                    /lib/x86_64-linux-gnu/libnss_files-2.23.so
7f8349a95000-7f8349a96000 rw-p 0000b000 08:02 7082133                    /lib/x86_64-linux-gnu/libnss_files-2.23.so
7f8349a96000-7f8349a9c000 rw-p 00000000 00:00 0 
7f8349a9c000-7f8349aa7000 r-xp 00000000 08:02 7082128                    /lib/x86_64-linux-gnu/libnss_nis-2.23.so
7f8349aa7000-7f8349ca6000 ---p 0000b000 08:02 7082128                    /lib/x86_64-linux-gnu/libnss_nis-2.23.so
7f8349ca6000-7f8349ca7000 r--p 0000a000 08:02 7082128                    /lib/x86_64-linux-gnu/libnss_nis-2.23.so
7f8349ca7000-7f8349ca8000 rw-p 0000b000 08:02 7082128                    /lib/x86_64-linux-gnu/libnss_nis-2.23.so
7f8349ca8000-7f8349cbe000 r-xp 00000000 08:02 7082126                    /lib/x86_64-linux-gnu/libnsl-2.23.so
7f8349cbe000-7f8349ebd000 ---p 00016000 08:02 7082126                    /lib/x86_64-linux-gnu/libnsl-2.23.so
7f8349ebd000-7f8349ebe000 r--p 00015000 08:02 7082126                    /lib/x86_64-linux-gnu/libnsl-2.23.so
7f8349ebe000-7f8349ebf000 rw-p 00016000 08:02 7082126                    /lib/x86_64-linux-gnu/libnsl-2.23.so
7f8349ebf000-7f8349ec1000 rw-p 00000000 00:00 0 
7f8349ec1000-7f8349ec9000 r-xp 00000000 08:02 7079006                    /lib/x86_64-linux-gnu/libnss_compat-2.23.so
7f8349ec9000-7f834a0c8000 ---p 00008000 08:02 7079006                    /lib/x86_64-linux-gnu/libnss_compat-2.23.so
7f834a0c8000-7f834a0c9000 r--p 00007000 08:02 7079006                    /lib/x86_64-linux-gnu/libnss_compat-2.23.so
7f834a0c9000-7f834a0ca000 rw-p 00008000 08:02 7079006                    /lib/x86_64-linux-gnu/libnss_compat-2.23.so
7f834a0ca000-7f834a0f4000 r-xp 00000000 08:02 13767388                   /usr/lib/jvm/java-8-oracle/jre/lib/amd64/libjava.so
7f834a0f4000-7f834a2f4000 ---p 0002a000 08:02 13767388                   /usr/lib/jvm/java-8-oracle/jre/lib/amd64/libjava.so
7f834a2f4000-7f834a2f6000 rw-p 0002a000 08:02 13767388                   /usr/lib/jvm/java-8-oracle/jre/lib/amd64/libjava.so
7f834a2f6000-7f834a303000 r-xp 00000000 08:02 13767392                   /usr/lib/jvm/java-8-oracle/jre/lib/amd64/libverify.so
7f834a303000-7f834a503000 ---p 0000d000 08:02 13767392                   /usr/lib/jvm/java-8-oracle/jre/lib/amd64/libverify.so
7f834a503000-7f834a505000 rw-p 0000d000 08:02 13767392                   /usr/lib/jvm/java-8-oracle/jre/lib/amd64/libverify.so
7f834a505000-7f834a50c000 r-xp 00000000 08:02 7082236                    /lib/x86_64-linux-gnu/librt-2.23.so
7f834a50c000-7f834a70b000 ---p 00007000 08:02 7082236                    /lib/x86_64-linux-gnu/librt-2.23.so
7f834a70b000-7f834a70c000 r--p 00006000 08:02 7082236                    /lib/x86_64-linux-gnu/librt-2.23.so
7f834a70c000-7f834a70d000 rw-p 00007000 08:02 7082236                    /lib/x86_64-linux-gnu/librt-2.23.so
7f834a70d000-7f834a815000 r-xp 00000000 08:02 7082213                    /lib/x86_64-linux-gnu/libm-2.23.so
7f834a815000-7f834aa14000 ---p 00108000 08:02 7082213                    /lib/x86_64-linux-gnu/libm-2.23.so
7f834aa14000-7f834aa15000 r--p 00107000 08:02 7082213                    /lib/x86_64-linux-gnu/libm-2.23.so
7f834aa15000-7f834aa16000 rw-p 00108000 08:02 7082213                    /lib/x86_64-linux-gnu/libm-2.23.so
7f834aa16000-7f834b6d9000 r-xp 00000000 08:02 13767369                   /usr/lib/jvm/java-8-oracle/jre/lib/amd64/server/libjvm.so
7f834b6d9000-7f834b8d8000 ---p 00cc3000 08:02 13767369                   /usr/lib/jvm/java-8-oracle/jre/lib/amd64/server/libjvm.so
7f834b8d8000-7f834b9b1000 rw-p 00cc2000 08:02 13767369                   /usr/lib/jvm/java-8-oracle/jre/lib/amd64/server/libjvm.so
7f834b9b1000-7f834b9fc000 rw-p 00000000 00:00 0 
7f834b9fc000-7f834bbbc000 r-xp 00000000 08:02 7082250                    /lib/x86_64-linux-gnu/libc-2.23.so
7f834bbbc000-7f834bdbb000 ---p 001c0000 08:02 7082250                    /lib/x86_64-linux-gnu/libc-2.23.so
7f834bdbb000-7f834bdbf000 r--p 001bf000 08:02 7082250                    /lib/x86_64-linux-gnu/libc-2.23.so
7f834bdbf000-7f834bdc1000 rw-p 001c3000 08:02 7082250                    /lib/x86_64-linux-gnu/libc-2.23.so
7f834bdc1000-7f834bdc5000 rw-p 00000000 00:00 0 
7f834bdc5000-7f834bdc8000 r-xp 00000000 08:02 7082251                    /lib/x86_64-linux-gnu/libdl-2.23.so
7f834bdc8000-7f834bfc7000 ---p 00003000 08:02 7082251                    /lib/x86_64-linux-gnu/libdl-2.23.so
7f834bfc7000-7f834bfc8000 r--p 00002000 08:02 7082251                    /lib/x86_64-linux-gnu/libdl-2.23.so
7f834bfc8000-7f834bfc9000 rw-p 00003000 08:02 7082251                    /lib/x86_64-linux-gnu/libdl-2.23.so
7f834bfc9000-7f834bfde000 r-xp 00000000 08:02 13637844                   /usr/lib/jvm/java-8-oracle/lib/amd64/jli/libjli.so
7f834bfde000-7f834c1de000 ---p 00015000 08:02 13637844                   /usr/lib/jvm/java-8-oracle/lib/amd64/jli/libjli.so
7f834c1de000-7f834c1df000 rw-p 00015000 08:02 13637844                   /usr/lib/jvm/java-8-oracle/lib/amd64/jli/libjli.so
7f834c1df000-7f834c1f7000 r-xp 00000000 08:02 7082242                    /lib/x86_64-linux-gnu/libpthread-2.23.so
7f834c1f7000-7f834c3f6000 ---p 00018000 08:02 7082242                    /lib/x86_64-linux-gnu/libpthread-2.23.so
7f834c3f6000-7f834c3f7000 r--p 00017000 08:02 7082242                    /lib/x86_64-linux-gnu/libpthread-2.23.so
7f834c3f7000-7f834c3f8000 rw-p 00018000 08:02 7082242                    /lib/x86_64-linux-gnu/libpthread-2.23.so
7f834c3f8000-7f834c3fc000 rw-p 00000000 00:00 0 
7f834c3fc000-7f834c422000 r-xp 00000000 08:02 7082238                    /lib/x86_64-linux-gnu/ld-2.23.so
7f834c422000-7f834c425000 r--s 0001a000 08:02 13767413                   /usr/lib/jvm/java-8-oracle/jre/lib/jce.jar
7f834c425000-7f834c42a000 r--s 002f9000 08:02 13766948                   /usr/lib/jvm/java-8-oracle/jre/lib/charsets.jar
7f834c42a000-7f834c4ef000 rw-p 00000000 00:00 0 
7f834c4ef000-7f834c4f2000 ---p 00000000 00:00 0 
7f834c4f2000-7f834c615000 rw-p 00000000 00:00 0 
7f834c615000-7f834c61d000 rw-s 00000000 08:02 2359400                    /tmp/hsperfdata_jojolepro/14520
7f834c61d000-7f834c61e000 rw-p 00000000 00:00 0 
7f834c61e000-7f834c61f000 r--p 00000000 00:00 0 
7f834c61f000-7f834c621000 rw-p 00000000 00:00 0 
7f834c621000-7f834c622000 r--p 00025000 08:02 7082238                    /lib/x86_64-linux-gnu/ld-2.23.so
7f834c622000-7f834c623000 rw-p 00026000 08:02 7082238                    /lib/x86_64-linux-gnu/ld-2.23.so
7f834c623000-7f834c624000 rw-p 00000000 00:00 0 
7fffb57d1000-7fffb57f3000 rw-p 00000000 00:00 0                          [stack]
7fffb57fc000-7fffb57fe000 r--p 00000000 00:00 0                          [vvar]
7fffb57fe000-7fffb5800000 r-xp 00000000 00:00 0                          [vdso]
ffffffffff600000-ffffffffff601000 r-xp 00000000 00:00 0                  [vsyscall]

VM Arguments:
jvm_args: -Dorg.lwjgl.librarypath=native/ -Didea.launcher.port=7534 -Didea.launcher.bin.path=/home/jojolepro/Prog/idea-IC-145.597.3/bin -Dfile.encoding=UTF-8 
java_command: com.intellij.rt.execution.application.AppMain net.supercraft.B2LScala.B2L
java_class_path (initial): /home/jojolepro/.ivy2/cache/org.scala-lang/scala-library/jars/scala-library-2.11.4.jar:/home/jojolepro/.ivy2/cache/org.scala-lang/scala-reflect/jars/scala-reflect-2.11.4.jar:/usr/lib/jvm/java-8-oracle/jre/lib/charsets.jar:/usr/lib/jvm/java-8-oracle/jre/lib/deploy.jar:/usr/lib/jvm/java-8-oracle/jre/lib/ext/cldrdata.jar:/usr/lib/jvm/java-8-oracle/jre/lib/ext/dnsns.jar:/usr/lib/jvm/java-8-oracle/jre/lib/ext/jaccess.jar:/usr/lib/jvm/java-8-oracle/jre/lib/ext/jfxrt.jar:/usr/lib/jvm/java-8-oracle/jre/lib/ext/localedata.jar:/usr/lib/jvm/java-8-oracle/jre/lib/ext/nashorn.jar:/usr/lib/jvm/java-8-oracle/jre/lib/ext/sunec.jar:/usr/lib/jvm/java-8-oracle/jre/lib/ext/sunjce_provider.jar:/usr/lib/jvm/java-8-oracle/jre/lib/ext/sunpkcs11.jar:/usr/lib/jvm/java-8-oracle/jre/lib/ext/zipfs.jar:/usr/lib/jvm/java-8-oracle/jre/lib/javaws.jar:/usr/lib/jvm/java-8-oracle/jre/lib/jce.jar:/usr/lib/jvm/java-8-oracle/jre/lib/jfr.jar:/usr/lib/jvm/java-8-oracle/jre/lib/jfxswt.jar:/usr/lib/jvm/java-8-oracle/jre/lib/jsse.jar:/usr/lib/jvm/java-8-oracle/jre/lib/management-agent.jar:/usr/lib/jvm/java-8-oracle/jre/lib/plugin.jar:/usr/lib/jvm/java-8-oracle/jre/lib/resources.jar:/usr/lib/jvm/java-8-oracle/jre/lib/rt.jar:/home/jojolepro/Prog/B2LScala/out/production/B2LScala:/home/jojolepro/Prog/B2LScala/lib/lwjgl.jar:/home/jojolepro/Prog/B2LScala/lib/jbullet.jar:/home/jojolepro/Prog/B2LScala/lib/subspace.jar:/home/jojolepro/Prog/B2LScala/lib/config-1.3.0.jar:/home/jojolepro/Prog/B2LScala/lib/JojoleproUtilsV0.2.3A.jar:/home/jojolepro/Prog/B2LScala/lib/akka-actor_2.11-2.4.4.jar:/home/jojolepro/Prog/B2LScala/lib/akka-agent_2.11-2.4.4.jar:/home/jojolepro/Prog/B2LScala/lib/akka-camel_2.11-2.4.4.jar:/home/jojolepro/Prog/B2LScala/lib/akka-slf4j_2.11-2.4.4.jar:/home/jojolepro/Prog/B2LScala/lib/spray-json_2.11-1.3.2.jar:/home/jojolepro/Prog/B2LScala/lib/akka-kernel_2.11-2.4.4.jar:/home/jojolepro/Prog/B2LScala/lib/akka-remote_2.11-2.4.4.jar:/home/jojolepro/Prog/B2LScala/lib/akka-stream_2.
Launcher Type: SUN_STANDARD

Environment Variables:
JAVA_HOME=/usr/lib/jvm/java-8-oracle
PATH=/usr/local/sbin:/usr/local/bin:/usr/sbin:/usr/bin:/sbin:/bin:/usr/games:/usr/local/games:/snap/bin:/usr/lib/jvm/java-8-oracle/bin:/usr/lib/jvm/java-8-oracle/db/bin:/usr/lib/jvm/java-8-oracle/jre/bin
LD_LIBRARY_PATH=/home/jojolepro/Prog/idea-IC-145.597.3/bin:
SHELL=/bin/bash
DISPLAY=:0

Signal Handlers:
SIGSEGV: [libjvm.so+0xabdee0], sa_mask[0]=11111111011111111101111111111110, sa_flags=SA_RESTART|SA_SIGINFO
SIGBUS: [libjvm.so+0xabdee0], sa_mask[0]=11111111011111111101111111111110, sa_flags=SA_RESTART|SA_SIGINFO
SIGFPE: [libjvm.so+0x91a580], sa_mask[0]=11111111011111111101111111111110, sa_flags=SA_RESTART|SA_SIGINFO
SIGPIPE: [libjvm.so+0x91a580], sa_mask[0]=11111111011111111101111111111110, sa_flags=SA_RESTART|SA_SIGINFO
SIGXFSZ: [libjvm.so+0x91a580], sa_mask[0]=11111111011111111101111111111110, sa_flags=SA_RESTART|SA_SIGINFO
SIGILL: [libjvm.so+0x91a580], sa_mask[0]=11111111011111111101111111111110, sa_flags=SA_RESTART|SA_SIGINFO
SIGUSR1: SIG_DFL, sa_mask[0]=00000000000000000000000000000000, sa_flags=none
SIGUSR2: [libjvm.so+0x91bbb0], sa_mask[0]=00100000000000000000000000000000, sa_flags=SA_RESTART|SA_SIGINFO
SIGHUP: [libjvm.so+0x91cfb0], sa_mask[0]=11111111011111111101111111111110, sa_flags=SA_RESTART|SA_SIGINFO
SIGINT: [libjvm.so+0x91cfb0], sa_mask[0]=11111111011111111101111111111110, sa_flags=SA_RESTART|SA_SIGINFO
SIGTERM: [libjvm.so+0x91cfb0], sa_mask[0]=11111111011111111101111111111110, sa_flags=SA_RESTART|SA_SIGINFO
SIGQUIT: [libjvm.so+0x91cfb0], sa_mask[0]=11111111011111111101111111111110, sa_flags=SA_RESTART|SA_SIGINFO


---------------  S Y S T E M  ---------------

OS:DISTRIB_ID=Ubuntu
DISTRIB_RELEASE=16.04
DISTRIB_CODENAME=xenial
DISTRIB_DESCRIPTION="Ubuntu 16.04.1 LTS"

uname:Linux 4.4.0-38-generic #57-Ubuntu SMP Tue Sep 6 15:42:33 UTC 2016 x86_64
libc:glibc 2.23 NPTL 2.23 
rlimit: STACK 8192k, CORE 0k, NPROC 63178, NOFILE 65536, AS infinity
load average:1.06 0.83 1.08

/proc/meminfo:
MemTotal:       16342792 kB
MemFree:         6519328 kB
MemAvailable:   11721928 kB
Buffers:          491096 kB
Cached:          4993516 kB
SwapCached:            0 kB
Active:          6690988 kB
Inactive:        2550756 kB
Active(anon):    3762624 kB
Inactive(anon):   225104 kB
Active(file):    2928364 kB
Inactive(file):  2325652 kB
Unevictable:          64 kB
Mlocked:              64 kB
SwapTotal:      16687100 kB
SwapFree:       16687100 kB
Dirty:              1748 kB
Writeback:             0 kB
AnonPages:       3755336 kB
Mapped:           759044 kB
Shmem:            230600 kB
Slab:             341324 kB
SReclaimable:     288840 kB
SUnreclaim:        52484 kB
KernelStack:       13616 kB
PageTables:        46900 kB
NFS_Unstable:          0 kB
Bounce:                0 kB
WritebackTmp:          0 kB
CommitLimit:    24858496 kB
Committed_AS:   10259208 kB
VmallocTotal:   34359738367 kB
VmallocUsed:           0 kB
VmallocChunk:          0 kB
HardwareCorrupted:     0 kB
AnonHugePages:   1775616 kB
CmaTotal:              0 kB
CmaFree:               0 kB
HugePages_Total:       0
HugePages_Free:        0
HugePages_Rsvd:        0
HugePages_Surp:        0
Hugepagesize:       2048 kB
DirectMap4k:      391936 kB
DirectMap2M:    11053056 kB
DirectMap1G:     6291456 kB


CPU:total 8 (4 cores per cpu, 2 threads per core) family 6 model 60 stepping 3, cmov, cx8, fxsr, mmx, sse, sse2, sse3, ssse3, sse4.1, sse4.2, popcnt, avx, avx2, aes, clmul, erms, lzcnt, ht, tsc, tscinvbit, bmi1, bmi2

/proc/cpuinfo:
processor	: 0
vendor_id	: GenuineIntel
cpu family	: 6
model		: 60
model name	: Intel(R) Core(TM) i7-4700HQ CPU @ 2.40GHz
stepping	: 3
microcode	: 0x1a
cpu MHz		: 3272.812
cache size	: 6144 KB
physical id	: 0
siblings	: 8
core id		: 0
cpu cores	: 4
apicid		: 0
initial apicid	: 0
fpu		: yes
fpu_exception	: yes
cpuid level	: 13
wp		: yes
flags		: fpu vme de pse tsc msr pae mce cx8 apic sep mtrr pge mca cmov pat pse36 clflush dts acpi mmx fxsr sse sse2 ss ht tm pbe syscall nx pdpe1gb rdtscp lm constant_tsc arch_perfmon pebs bts rep_good nopl xtopology nonstop_tsc aperfmperf eagerfpu pni pclmulqdq dtes64 monitor ds_cpl vmx est tm2 ssse3 sdbg fma cx16 xtpr pdcm pcid sse4_1 sse4_2 x2apic movbe popcnt tsc_deadline_timer aes xsave avx f16c rdrand lahf_lm abm epb tpr_shadow vnmi flexpriority ept vpid fsgsbase tsc_adjust bmi1 avx2 smep bmi2 erms invpcid xsaveopt dtherm ida arat pln pts
bugs		:
bogomips	: 4789.43
clflush size	: 64
cache_alignment	: 64
address sizes	: 39 bits physical, 48 bits virtual
power management:

processor	: 1
vendor_id	: GenuineIntel
cpu family	: 6
model		: 60
model name	: Intel(R) Core(TM) i7-4700HQ CPU @ 2.40GHz
stepping	: 3
microcode	: 0x1a
cpu MHz		: 3232.031
cache size	: 6144 KB
physical id	: 0
siblings	: 8
core id		: 0
cpu cores	: 4
apicid		: 1
initial apicid	: 1
fpu		: yes
fpu_exception	: yes
cpuid level	: 13
wp		: yes
flags		: fpu vme de pse tsc msr pae mce cx8 apic sep mtrr pge mca cmov pat pse36 clflush dts acpi mmx fxsr sse sse2 ss ht tm pbe syscall nx pdpe1gb rdtscp lm constant_tsc arch_perfmon pebs bts rep_good nopl xtopology nonstop_tsc aperfmperf eagerfpu pni pclmulqdq dtes64 monitor ds_cpl vmx est tm2 ssse3 sdbg fma cx16 xtpr pdcm pcid sse4_1 sse4_2 x2apic movbe popcnt tsc_deadline_timer aes xsave avx f16c rdrand lahf_lm abm epb tpr_shadow vnmi flexpriority ept vpid fsgsbase tsc_adjust bmi1 avx2 smep bmi2 erms invpcid xsaveopt dtherm ida arat pln pts
bugs		:
bogomips	: 4789.43
clflush size	: 64
cache_alignment	: 64
address sizes	: 39 bits physical, 48 bits virtual
power management:

processor	: 2
vendor_id	: GenuineIntel
cpu family	: 6
model		: 60
model name	: Intel(R) Core(TM) i7-4700HQ CPU @ 2.40GHz
stepping	: 3
microcode	: 0x1a
cpu MHz		: 3220.687
cache size	: 6144 KB
physical id	: 0
siblings	: 8
core id		: 1
cpu cores	: 4
apicid		: 2
initial apicid	: 2
fpu		: yes
fpu_exception	: yes
cpuid level	: 13
wp		: yes
flags		: fpu vme de pse tsc msr pae mce cx8 apic sep mtrr pge mca cmov pat pse36 clflush dts acpi mmx fxsr sse sse2 ss ht tm pbe syscall nx pdpe1gb rdtscp lm constant_tsc arch_perfmon pebs bts rep_good nopl xtopology nonstop_tsc aperfmperf eagerfpu pni pclmulqdq dtes64 monitor ds_cpl vmx est tm2 ssse3 sdbg fma cx16 xtpr pdcm pcid sse4_1 sse4_2 x2apic movbe popcnt tsc_deadline_timer aes xsave avx f16c rdrand lahf_lm abm epb tpr_shadow vnmi flexpriority ept vpid fsgsbase tsc_adjust bmi1 avx2 smep bmi2 erms invpcid xsaveopt dtherm ida arat pln pts
bugs		:
bogomips	: 4789.43
clflush size	: 64
cache_alignment	: 64
address sizes	: 39 bits physical, 48 bits virtual
power management:

processor	: 3
vendor_id	: GenuineIntel
cpu family	: 6
model		: 60
model name	: Intel(R) Core(TM) i7-4700HQ CPU @ 2.40GHz
stepping	: 3
microcode	: 0x1a
cpu MHz		: 3241.312
cache size	: 6144 KB
physical id	: 0
siblings	: 8
core id		: 1
cpu cores	: 4
apicid		: 3
initial apicid	: 3
fpu		: yes
fpu_exception	: yes
cpuid level	: 13
wp		: yes
flags		: fpu vme de pse tsc msr pae mce cx8 apic sep mtrr pge mca cmov pat pse36 clflush dts acpi mmx fxsr sse sse2 ss ht tm pbe syscall nx pdpe1gb rdtscp lm constant_tsc arch_perfmon pebs bts rep_good nopl xtopology nonstop_tsc aperfmperf eagerfpu pni pclmulqdq dtes64 monitor ds_cpl vmx est tm2 ssse3 sdbg fma cx16 xtpr pdcm pcid sse4_1 sse4_2 x2apic movbe popcnt tsc_deadline_timer aes xsave avx f16c rdrand lahf_lm abm epb tpr_shadow vnmi flexpriority ept vpid fsgsbase tsc_adjust bmi1 avx2 smep bmi2 erms invpcid xsaveopt dtherm ida arat pln pts
bugs		:
bogomips	: 4789.43
clflush size	: 64
cache_alignment	: 64
address sizes	: 39 bits physical, 48 bits virtual
power management:

processor	: 4
vendor_id	: GenuineIntel
cpu family	: 6
model		: 60
model name	: Intel(R) Core(TM) i7-4700HQ CPU @ 2.40GHz
stepping	: 3
microcode	: 0x1a
cpu MHz		: 3224.812
cache size	: 6144 KB
physical id	: 0
siblings	: 8
core id		: 2
cpu cores	: 4
apicid		: 4
initial apicid	: 4
fpu		: yes
fpu_exception	: yes
cpuid level	: 13
wp		: yes
flags		: fpu vme de pse tsc msr pae mce cx8 apic sep mtrr pge mca cmov pat pse36 clflush dts acpi mmx fxsr sse sse2 ss ht tm pbe syscall nx pdpe1gb rdtscp lm constant_tsc arch_perfmon pebs bts rep_good nopl xtopology nonstop_tsc aperfmperf eagerfpu pni pclmulqdq dtes64 monitor ds_cpl vmx est tm2 ssse3 sdbg fma cx16 xtpr pdcm pcid sse4_1 sse4_2 x2apic movbe popcnt tsc_deadline_timer aes xsave avx f16c rdrand lahf_lm abm epb tpr_shadow vnmi flexpriority ept vpid fsgsbase tsc_adjust bmi1 avx2 smep bmi2 erms invpcid xsaveopt dtherm ida arat pln pts
bugs		:
bogomips	: 4789.43
clflush size	: 64
cache_alignment	: 64
address sizes	: 39 bits physical, 48 bits virtual
power management:

processor	: 5
vendor_id	: GenuineIntel
cpu family	: 6
model		: 60
model name	: Intel(R) Core(TM) i7-4700HQ CPU @ 2.40GHz
stepping	: 3
microcode	: 0x1a
cpu MHz		: 3263.531
cache size	: 6144 KB
physical id	: 0
siblings	: 8
core id		: 2
cpu cores	: 4
apicid		: 5
initial apicid	: 5
fpu		: yes
fpu_exception	: yes
cpuid level	: 13
wp		: yes
flags		: fpu vme de pse tsc msr pae mce cx8 apic sep mtrr pge mca cmov pat pse36 clflush dts acpi mmx fxsr sse sse2 ss ht tm pbe syscall nx pdpe1gb rdtscp lm constant_tsc arch_perfmon pebs bts rep_good nopl xtopology nonstop_tsc aperfmperf eagerfpu pni pclmulqdq dtes64 monitor ds_cpl vmx est tm2 ssse3 sdbg fma cx16 xtpr pdcm pcid sse4_1 sse4_2 x2apic movbe popcnt tsc_deadline_timer aes xsave avx f16c rdrand lahf_lm abm epb tpr_shadow vnmi flexpriority ept vpid fsgsbase tsc_adjust bmi1 avx2 smep bmi2 erms invpcid xsaveopt dtherm ida arat pln pts
bugs		:
bogomips	: 4789.43
clflush size	: 64
cache_alignment	: 64
address sizes	: 39 bits physical, 48 bits virtual
power management:

processor	: 6
vendor_id	: GenuineIntel
cpu family	: 6
model		: 60
model name	: Intel(R) Core(TM) i7-4700HQ CPU @ 2.40GHz
stepping	: 3
microcode	: 0x1a
cpu MHz		: 3257.437
cache size	: 6144 KB
physical id	: 0
siblings	: 8
core id		: 3
cpu cores	: 4
apicid		: 6
initial apicid	: 6
fpu		: yes
fpu_exception	: yes
cpuid level	: 13
wp		: yes
flags		: fpu vme de pse tsc msr pae mce cx8 apic sep mtrr pge mca cmov pat pse36 clflush dts acpi mmx fxsr sse sse2 ss ht tm pbe syscall nx pdpe1gb rdtscp lm constant_tsc arch_perfmon pebs bts rep_good nopl xtopology nonstop_tsc aperfmperf eagerfpu pni pclmulqdq dtes64 monitor ds_cpl vmx est tm2 ssse3 sdbg fma cx16 xtpr pdcm pcid sse4_1 sse4_2 x2apic movbe popcnt tsc_deadline_timer aes xsave avx f16c rdrand lahf_lm abm epb tpr_shadow vnmi flexpriority ept vpid fsgsbase tsc_adjust bmi1 avx2 smep bmi2 erms invpcid xsaveopt dtherm ida arat pln pts
bugs		:
bogomips	: 4789.43
clflush size	: 64
cache_alignment	: 64
address sizes	: 39 bits physical, 48 bits virtual
power management:

processor	: 7
vendor_id	: GenuineIntel
cpu family	: 6
model		: 60
model name	: Intel(R) Core(TM) i7-4700HQ CPU @ 2.40GHz
stepping	: 3
microcode	: 0x1a
cpu MHz		: 3203.250
cache size	: 6144 KB
physical id	: 0
siblings	: 8
core id		: 3
cpu cores	: 4
apicid		: 7
initial apicid	: 7
fpu		: yes
fpu_exception	: yes
cpuid level	: 13
wp		: yes
flags		: fpu vme de pse tsc msr pae mce cx8 apic sep mtrr pge mca cmov pat pse36 clflush dts acpi mmx fxsr sse sse2 ss ht tm pbe syscall nx pdpe1gb rdtscp lm constant_tsc arch_perfmon pebs bts rep_good nopl xtopology nonstop_tsc aperfmperf eagerfpu pni pclmulqdq dtes64 monitor ds_cpl vmx est tm2 ssse3 sdbg fma cx16 xtpr pdcm pcid sse4_1 sse4_2 x2apic movbe popcnt tsc_deadline_timer aes xsave avx f16c rdrand lahf_lm abm epb tpr_shadow vnmi flexpriority ept vpid fsgsbase tsc_adjust bmi1 avx2 smep bmi2 erms invpcid xsaveopt dtherm ida arat pln pts
bugs		:
bogomips	: 4789.43
clflush size	: 64
cache_alignment	: 64
address sizes	: 39 bits physical, 48 bits virtual
power management:



Memory: 4k page, physical 16342792k(6519328k free), swap 16687100k(16687100k free)

vm_info: Java HotSpot(TM) 64-Bit Server VM (25.92-b14) for linux-amd64 JRE (1.8.0_92-b14), built on Mar 31 2016 21:08:29 by "java_re" with gcc 4.3.0 20080428 (Red Hat 4.3.0-8)

time: Mon Oct 10 13:23:58 2016
elapsed time: 1 seconds (0d 0h 0m 1s)

